{"logTime": "0323/002718", "correlationVector":"7dkRs2aopSKdqtfl+TRWju.39","action":"GetUpdates", "result":"DeleteReceived", "context":{"id":"f6eb770c-f4c5-4962-9ea2-f36c646908a4", "isDeleted:":"true", "version":"1678314007699"}}
{"logTime": "0323/002718", "correlationVector":"7dkRs2aopSKdqtfl+TRWju.40","action":"GetUpdates", "result":"DeleteReceived", "context":{"id":"1afeb691-c71c-4a64-8f54-17e2e221cb71", "isDeleted:":"true", "version":"1678314007700"}}
{"logTime": "0323/002718", "correlationVector":"7dkRs2aopSKdqtfl+TRWju.41","action":"GetUpdates", "result":"DeleteReceived", "context":{"id":"d9aa9d98-8d3c-4575-b85e-984c60945a76", "isDeleted:":"true", "version":"1678314007701"}}
{"logTime": "0323/002718", "correlationVector":"7dkRs2aopSKdqtfl+TRWju.42","action":"GetUpdates", "result":"DeleteReceived", "context":{"id":"4a73cc0d-a668-49b0-ba03-ad00ba2ac87e", "isDeleted:":"true", "version":"1678314007703"}}
{"logTime": "0323/002718", "correlationVector":"7dkRs2aopSKdqtfl+TRWju.43","action":"GetUpdates", "result":"DeleteReceived", "context":{"id":"062b9d1f-c449-48d3-9ac8-d268f2a8f5b2", "isDeleted:":"true", "version":"1678314007704"}}
{"logTime": "0323/002718", "correlationVector":"7dkRs2aopSKdqtfl+TRWju.44","action":"GetUpdates", "result":"DeleteReceived", "context":{"id":"3598f762-f001-4c96-aec3-c21b80b22398", "isDeleted:":"true", "version":"1678361699576"}}
{"logTime": "0323/002718", "correlationVector":"7dkRs2aopSKdqtfl+TRWju.45","action":"GetUpdates", "result":"DeleteReceived", "context":{"id":"ff15c954-99b1-4024-8655-8aa78714e374", "isDeleted:":"true", "version":"1678361699579"}}
{"logTime": "0323/002718", "correlationVector":"7dkRs2aopSKdqtfl+TRWju.46","action":"GetUpdates", "result":"DeleteReceived", "context":{"id":"4788e105-f900-49a5-aaf3-f0b84f39d82d", "isDeleted:":"true", "version":"1678362189378"}}
{"logTime": "0323/002718", "correlationVector":"7dkRs2aopSKdqtfl+TRWju.47","action":"GetUpdates", "result":"DeleteReceived", "context":{"id":"d8290318-8118-4945-9910-4fb0ad9276fd", "isDeleted:":"true", "version":"1678362189379"}}
{"logTime": "0323/002718", "correlationVector":"7dkRs2aopSKdqtfl+TRWju.48","action":"GetUpdates", "result":"DeleteReceived", "context":{"id":"a3de2f6d-b106-41d3-8c36-3882289ca5d9", "isDeleted:":"true", "version":"1678363820328"}}
{"logTime": "0323/002718", "correlationVector":"7dkRs2aopSKdqtfl+TRWju.49","action":"GetUpdates", "result":"DeleteReceived", "context":{"id":"ba399f45-b0f1-4ed3-ad55-76425ba7e6e6", "isDeleted:":"true", "version":"1678363820329"}}
{"logTime": "0323/002718", "correlationVector":"7dkRs2aopSKdqtfl+TRWju.50","action":"GetUpdates", "result":"DeleteReceived", "context":{"id":"292bc39e-0e5b-4747-95cf-b1a9e7bfffd0", "isDeleted:":"true", "version":"1678363820331"}}
{"logTime": "0323/002718", "correlationVector":"7dkRs2aopSKdqtfl+TRWju.51","action":"GetUpdates", "result":"DeleteReceived", "context":{"id":"6daefbee-491a-4a70-bf47-e078a5b89e51", "isDeleted:":"true", "version":"1678364397341"}}
{"logTime": "0323/002718", "correlationVector":"7dkRs2aopSKdqtfl+TRWju.52","action":"GetUpdates", "result":"DeleteReceived", "context":{"id":"ece21003-88fa-493a-8ea1-5797747df340", "isDeleted:":"true", "version":"1678364864604"}}
{"logTime": "0323/002718", "correlationVector":"7dkRs2aopSKdqtfl+TRWju.53","action":"GetUpdates", "result":"DeleteReceived", "context":{"id":"a23adebf-8027-4cd4-91bf-f2891ef5f596", "isDeleted:":"true", "version":"1678364864605"}}
{"logTime": "0323/002718", "correlationVector":"7dkRs2aopSKdqtfl+TRWju.54","action":"GetUpdates", "result":"DeleteReceived", "context":{"id":"c8f6c64f-f53f-44c4-a582-5b17f69e89a1", "isDeleted:":"true", "version":"1678364864608"}}
{"logTime": "0323/002718", "correlationVector":"7dkRs2aopSKdqtfl+TRWju.55","action":"GetUpdates", "result":"DeleteReceived", "context":{"id":"a338ffa8-2ac0-4d91-8643-0fec04415e36", "isDeleted:":"true", "version":"1678365046724"}}
{"logTime": "0323/002718", "correlationVector":"7dkRs2aopSKdqtfl+TRWju.56","action":"GetUpdates", "result":"DeleteReceived", "context":{"id":"22f44ebf-e96d-48da-a06a-babdb6763d6d", "isDeleted:":"true", "version":"1678365046727"}}
{"logTime": "0323/002718", "correlationVector":"7dkRs2aopSKdqtfl+TRWju.57","action":"GetUpdates", "result":"DeleteReceived", "context":{"id":"5735af54-94d1-4f39-b7f0-888add6b4001", "isDeleted:":"true", "version":"1678365185002"}}
{"logTime": "0323/002718", "correlationVector":"7dkRs2aopSKdqtfl+TRWju.58","action":"GetUpdates", "result":"DeleteReceived", "context":{"id":"04abdfb8-4232-4e10-a781-5a2b46435fbb", "isDeleted:":"true", "version":"1678365622856"}}
{"logTime": "0323/002718", "correlationVector":"7dkRs2aopSKdqtfl+TRWju.59","action":"GetUpdates", "result":"DeleteReceived", "context":{"id":"6a3c08d4-ade8-4063-8d4a-4089c89f32df", "isDeleted:":"true", "version":"1678365622857"}}
{"logTime": "0323/002718", "correlationVector":"7dkRs2aopSKdqtfl+TRWju.60","action":"GetUpdates", "result":"DeleteReceived", "context":{"id":"0c9017d6-4349-4d2e-bd0c-24f5371b8f11", "isDeleted:":"true", "version":"1678365622859"}}
{"logTime": "0323/002718", "correlationVector":"7dkRs2aopSKdqtfl+TRWju.61","action":"GetUpdates", "result":"DeleteReceived", "context":{"id":"584a1cf7-626f-4e57-a64e-93a692add8f8", "isDeleted:":"true", "version":"1678370861243"}}
{"logTime": "0323/002718", "correlationVector":"7dkRs2aopSKdqtfl+TRWju.62","action":"GetUpdates", "result":"DeleteReceived", "context":{"id":"8873b6f4-7162-493a-a9ff-90c6a74ebf69", "isDeleted:":"true", "version":"1678371304449"}}
{"logTime": "0323/002718", "correlationVector":"7dkRs2aopSKdqtfl+TRWju.63","action":"GetUpdates", "result":"DeleteReceived", "context":{"id":"0b52990e-4a74-49ee-aaf7-b441a0a71e80", "isDeleted:":"true", "version":"1678376887642"}}
{"logTime": "0323/002718", "correlationVector":"7dkRs2aopSKdqtfl+TRWju.64","action":"GetUpdates", "result":"DeleteReceived", "context":{"id":"5adc429c-0f1c-433e-9852-585c907a9643", "isDeleted:":"true", "version":"1678376887643"}}
{"logTime": "0323/002718", "correlationVector":"7dkRs2aopSKdqtfl+TRWju.65","action":"GetUpdates", "result":"DeleteReceived", "context":{"id":"781ade66-16ca-4403-8f54-d7a8b1ec4ace", "isDeleted:":"true", "version":"1678376887644"}}
{"logTime": "0323/002718", "correlationVector":"7dkRs2aopSKdqtfl+TRWju.66","action":"GetUpdates", "result":"DeleteReceived", "context":{"id":"94d07598-eca1-45bf-96ce-d2d75e4fc8c1", "isDeleted:":"true", "version":"1678376887645"}}
{"logTime": "0323/002718", "correlationVector":"7dkRs2aopSKdqtfl+TRWju.67","action":"GetUpdates", "result":"DeleteReceived", "context":{"id":"3501549b-52f5-4732-acd1-93570990b0b9", "isDeleted:":"true", "version":"1678376887647"}}
{"logTime": "0323/002718", "correlationVector":"7dkRs2aopSKdqtfl+TRWju.68","action":"GetUpdates", "result":"DeleteReceived", "context":{"id":"b8b46a96-ca94-451b-98a7-23b3541e9f09", "isDeleted:":"true", "version":"1678376887648"}}
{"logTime": "0323/002718", "correlationVector":"7dkRs2aopSKdqtfl+TRWju.69","action":"GetUpdates", "result":"DeleteReceived", "context":{"id":"76e594f4-8660-4259-ad3b-559aa8696723", "isDeleted:":"true", "version":"1678376887649"}}
{"logTime": "0323/002718", "correlationVector":"7dkRs2aopSKdqtfl+TRWju.70","action":"GetUpdates", "result":"DeleteReceived", "context":{"id":"bfd68f00-55d3-41ac-8f80-bff9def9a954", "isDeleted:":"true", "version":"1678378950779"}}
{"logTime": "0323/002718", "correlationVector":"7dkRs2aopSKdqtfl+TRWju.71","action":"GetUpdates", "result":"DeleteReceived", "context":{"id":"5d05a51f-24f3-4f73-9974-eb48a37b65d0", "isDeleted:":"true", "version":"1678378950780"}}
{"logTime": "0323/002718", "correlationVector":"7dkRs2aopSKdqtfl+TRWju.72","action":"GetUpdates", "result":"DeleteReceived", "context":{"id":"5f6ae74a-e778-410e-ae4c-f991d4400ae9", "isDeleted:":"true", "version":"1678378950781"}}
{"logTime": "0323/002718", "correlationVector":"7dkRs2aopSKdqtfl+TRWju.73","action":"GetUpdates", "result":"DeleteReceived", "context":{"id":"2b3d957f-b294-4cb3-a270-c73c1d9ffcc5", "isDeleted:":"true", "version":"1678378950784"}}
{"logTime": "0323/002718", "correlationVector":"7dkRs2aopSKdqtfl+TRWju.74","action":"GetUpdates", "result":"DeleteReceived", "context":{"id":"28b82742-a9f7-4689-bf42-f727d55ee25c", "isDeleted:":"true", "version":"1678444995671"}}
{"logTime": "0323/002718", "correlationVector":"7dkRs2aopSKdqtfl+TRWju.75","action":"GetUpdates", "result":"DeleteReceived", "context":{"id":"6e1031cc-6ef3-45c0-a3b8-8d6c7afa2566", "isDeleted:":"true", "version":"1678444995673"}}
{"logTime": "0323/002718", "correlationVector":"7dkRs2aopSKdqtfl+TRWju.76","action":"GetUpdates", "result":"DeleteReceived", "context":{"id":"a3692a24-d572-4f11-a67d-05f2e7d0b96c", "isDeleted:":"true", "version":"1678455584827"}}
{"logTime": "0323/002718", "correlationVector":"7dkRs2aopSKdqtfl+TRWju.77","action":"GetUpdates", "result":"DeleteReceived", "context":{"id":"8b3e40b8-72f6-4e7f-91e3-e55af3f6c1b9", "isDeleted:":"true", "version":"1678458236160"}}
{"logTime": "0323/002718", "correlationVector":"7dkRs2aopSKdqtfl+TRWju.78","action":"GetUpdates", "result":"DeleteReceived", "context":{"id":"7b7bcb45-e932-4246-822c-dda801fe8df5", "isDeleted:":"true", "version":"1678458236161"}}
{"logTime": "0323/002718", "correlationVector":"7dkRs2aopSKdqtfl+TRWju.79","action":"GetUpdates", "result":"DeleteReceived", "context":{"id":"acf02711-d81b-442c-9a0d-91c70a1496ba", "isDeleted:":"true", "version":"1678458236162"}}
{"logTime": "0323/002718", "correlationVector":"7dkRs2aopSKdqtfl+TRWju.80","action":"GetUpdates", "result":"DeleteReceived", "context":{"id":"316b0acf-ef45-43fa-99bb-4c71227c94c1", "isDeleted:":"true", "version":"1678458236164"}}
{"logTime": "0323/002718", "correlationVector":"7dkRs2aopSKdqtfl+TRWju.81","action":"GetUpdates", "result":"DeleteReceived", "context":{"id":"5167c352-8b63-4991-bb87-162169a8a457", "isDeleted:":"true", "version":"1678458236165"}}
{"logTime": "0323/002718", "correlationVector":"7dkRs2aopSKdqtfl+TRWju.82","action":"GetUpdates", "result":"DeleteReceived", "context":{"id":"808f672a-195b-492d-8329-531b14d00fc5", "isDeleted:":"true", "version":"1678462561187"}}
{"logTime": "0323/002718", "correlationVector":"7dkRs2aopSKdqtfl+TRWju.83","action":"GetUpdates", "result":"DeleteReceived", "context":{"id":"6824aeab-0ad2-4784-bfc0-ab6b28675ab1", "isDeleted:":"true", "version":"1678462565597"}}
{"logTime": "0323/002718", "correlationVector":"7dkRs2aopSKdqtfl+TRWju.84","action":"GetUpdates", "result":"DeleteReceived", "context":{"id":"7e7eece5-759c-4249-9c76-ca1302db438c", "isDeleted:":"true", "version":"1678462565600"}}
{"logTime": "0323/002718", "correlationVector":"7dkRs2aopSKdqtfl+TRWju.85","action":"GetUpdates", "result":"DeleteReceived", "context":{"id":"56e5f005-56fc-4e66-9a8e-2102f438557f", "isDeleted:":"true", "version":"1678463243470"}}
{"logTime": "0323/002718", "correlationVector":"7dkRs2aopSKdqtfl+TRWju.86","action":"GetUpdates", "result":"DeleteReceived", "context":{"id":"60e001cb-f406-4557-932f-b23a21055f79", "isDeleted:":"true", "version":"1678463243471"}}
{"logTime": "0323/002718", "correlationVector":"7dkRs2aopSKdqtfl+TRWju.87","action":"GetUpdates", "result":"DeleteReceived", "context":{"id":"18019af4-a604-42b3-8370-f7a53877c75e", "isDeleted:":"true", "version":"1678463719073"}}
{"logTime": "0323/002718", "correlationVector":"7dkRs2aopSKdqtfl+TRWju.88","action":"GetUpdates", "result":"DeleteReceived", "context":{"id":"0a61f8f9-e994-4a18-b992-b4eec8119540", "isDeleted:":"true", "version":"1678463719074"}}
{"logTime": "0323/002718", "correlationVector":"7dkRs2aopSKdqtfl+TRWju.89","action":"GetUpdates", "result":"DeleteReceived", "context":{"id":"f79dd9a5-2507-4084-954e-85847bfada23", "isDeleted:":"true", "version":"1678463719075"}}
{"logTime": "0323/002718", "correlationVector":"7dkRs2aopSKdqtfl+TRWju.90","action":"GetUpdates", "result":"DeleteReceived", "context":{"id":"c29d4b10-74ce-4727-9414-70b254280049", "isDeleted:":"true", "version":"1678463719077"}}
{"logTime": "0323/002718", "correlationVector":"7dkRs2aopSKdqtfl+TRWju.91","action":"GetUpdates", "result":"DeleteReceived", "context":{"id":"ae61d86e-88df-4e5e-bb9e-80a4e610f8b3", "isDeleted:":"true", "version":"1678463719078"}}
{"logTime": "0323/002718", "correlationVector":"7dkRs2aopSKdqtfl+TRWju.92","action":"GetUpdates", "result":"DeleteReceived", "context":{"id":"b3d168db-5522-4a47-90db-ab2c9f6a8d37", "isDeleted:":"true", "version":"1678463719079"}}
{"logTime": "0323/002718", "correlationVector":"7dkRs2aopSKdqtfl+TRWju.93","action":"GetUpdates", "result":"DeleteReceived", "context":{"id":"c8a89536-56bb-4162-84f3-d7b466d3150e", "isDeleted:":"true", "version":"1678464291476"}}
{"logTime": "0323/002718", "correlationVector":"7dkRs2aopSKdqtfl+TRWju.94","action":"GetUpdates", "result":"DeleteReceived", "context":{"id":"8bca8a8d-940a-480e-93b1-460053d510a6", "isDeleted:":"true", "version":"1678464291478"}}
{"logTime": "0323/002718", "correlationVector":"7dkRs2aopSKdqtfl+TRWju.95","action":"GetUpdates", "result":"DeleteReceived", "context":{"id":"21f65ffc-f2e6-4648-a9a1-5d0a248a51bf", "isDeleted:":"true", "version":"1678464291479"}}
{"logTime": "0323/002718", "correlationVector":"7dkRs2aopSKdqtfl+TRWju.96","action":"GetUpdates", "result":"DeleteReceived", "context":{"id":"92805890-ab98-4d58-bd1d-c98249911bbc", "isDeleted:":"true", "version":"1678464492093"}}
{"logTime": "0323/002718", "correlationVector":"7dkRs2aopSKdqtfl+TRWju.97","action":"GetUpdates", "result":"DeleteReceived", "context":{"id":"da3b8eae-9331-48fe-a0d3-30fe3f47c506", "isDeleted:":"true", "version":"1678464492094"}}
{"logTime": "0323/002719", "correlationVector":"7dkRs2aopSKdqtfl+TRWju.98","action":"GetUpdates", "result":"DeleteReceived", "context":{"id":"fbd92d69-f3c0-4095-8ff9-7b3b476e5ad8", "isDeleted:":"true", "version":"1678465120621"}}
{"logTime": "0323/002719", "correlationVector":"7dkRs2aopSKdqtfl+TRWju.99","action":"GetUpdates", "result":"DeleteReceived", "context":{"id":"f2131427-1d39-4c40-945b-4ae312ae8df8", "isDeleted:":"true", "version":"1678465120622"}}
{"logTime": "0323/002719", "correlationVector":"7dkRs2aopSKdqtfl+TRWju.100","action":"GetUpdates", "result":"DeleteReceived", "context":{"id":"36bcb0eb-f191-410b-aa47-ffbfcb6ebdce", "isDeleted:":"true", "version":"1678703282865"}}
{"logTime": "0323/002719", "correlationVector":"7dkRs2aopSKdqtfl+TRWju.101","action":"GetUpdates", "result":"DeleteReceived", "context":{"id":"31146e03-e42a-4d39-91d0-01c767035928", "isDeleted:":"true", "version":"1678703282866"}}
{"logTime": "0323/002719", "correlationVector":"7dkRs2aopSKdqtfl+TRWju.102","action":"GetUpdates", "result":"DeleteReceived", "context":{"id":"d5e1e2a1-898e-4eea-b7a3-fb58faa93487", "isDeleted:":"true", "version":"1678703282868"}}
{"logTime": "0323/002719", "correlationVector":"7dkRs2aopSKdqtfl+TRWju.103","action":"GetUpdates", "result":"DeleteReceived", "context":{"id":"6220cad6-284d-40ba-805f-aecd5ee02f7c", "isDeleted:":"true", "version":"1678703282869"}}
{"logTime": "0323/002719", "correlationVector":"7dkRs2aopSKdqtfl+TRWju.104","action":"GetUpdates", "result":"DeleteReceived", "context":{"id":"12cac386-c54f-45bc-82de-b7c1acb4b888", "isDeleted:":"true", "version":"1678710539883"}}
{"logTime": "0323/002719", "correlationVector":"7dkRs2aopSKdqtfl+TRWju.105","action":"GetUpdates", "result":"DeleteReceived", "context":{"id":"16483031-92b8-4713-b8ed-bb83d200e62b", "isDeleted:":"true", "version":"1678710539885"}}
{"logTime": "0323/002719", "correlationVector":"7dkRs2aopSKdqtfl+TRWju.106","action":"GetUpdates", "result":"DeleteReceived", "context":{"id":"1a872552-6d76-4464-b0f0-217d47ee78fc", "isDeleted:":"true", "version":"1678710539886"}}
{"logTime": "0323/002719", "correlationVector":"7dkRs2aopSKdqtfl+TRWju.107","action":"GetUpdates", "result":"DeleteReceived", "context":{"id":"fec0a8b1-fe19-443a-8e2c-8fcabb4405c9", "isDeleted:":"true", "version":"1678711818017"}}
{"logTime": "0323/002719", "correlationVector":"7dkRs2aopSKdqtfl+TRWju.108","action":"GetUpdates", "result":"DeleteReceived", "context":{"id":"d21ab89d-079d-4146-9eaa-d2e09726b2e3", "isDeleted:":"true", "version":"1678712201718"}}
{"logTime": "0323/002719", "correlationVector":"7dkRs2aopSKdqtfl+TRWju.109","action":"GetUpdates", "result":"DeleteReceived", "context":{"id":"8fa73ec4-819a-4c7e-95f0-926d0941db14", "isDeleted:":"true", "version":"1678713268193"}}
{"logTime": "0323/002719", "correlationVector":"7dkRs2aopSKdqtfl+TRWju.110","action":"GetUpdates", "result":"DeleteReceived", "context":{"id":"0fd93114-fa90-44cc-aa27-6e66b18bcaf5", "isDeleted:":"true", "version":"1678713425587"}}
{"logTime": "0323/002719", "correlationVector":"7dkRs2aopSKdqtfl+TRWju.111","action":"GetUpdates", "result":"DeleteReceived", "context":{"id":"b81b01de-d656-44e0-83d8-9785ff297e5c", "isDeleted:":"true", "version":"1678716186851"}}
{"logTime": "0323/002719", "correlationVector":"7dkRs2aopSKdqtfl+TRWju.112","action":"GetUpdates", "result":"DeleteReceived", "context":{"id":"67128677-2379-4552-afe0-63de01e1dc8f", "isDeleted:":"true", "version":"1678724390682"}}
{"logTime": "0323/002719", "correlationVector":"7dkRs2aopSKdqtfl+TRWju.113","action":"GetUpdates", "result":"DeleteReceived", "context":{"id":"8ad14f00-9638-4dde-a2be-c0a8fcae93ea", "isDeleted:":"true", "version":"1678724390683"}}
{"logTime": "0323/002719", "correlationVector":"7dkRs2aopSKdqtfl+TRWju.114","action":"GetUpdates", "result":"DeleteReceived", "context":{"id":"7478484f-ec23-40ca-be68-7f5d7bc16d97", "isDeleted:":"true", "version":"1678724694998"}}
{"logTime": "0323/002719", "correlationVector":"7dkRs2aopSKdqtfl+TRWju.115","action":"GetUpdates", "result":"DeleteReceived", "context":{"id":"a8e8df6e-bf46-43df-95a0-29318d949222", "isDeleted:":"true", "version":"1678724694999"}}
{"logTime": "0323/002719", "correlationVector":"7dkRs2aopSKdqtfl+TRWju.116","action":"GetUpdates", "result":"DeleteReceived", "context":{"id":"93a63bef-ec6b-4d24-9760-9589b68515e7", "isDeleted:":"true", "version":"1678789714887"}}
{"logTime": "0323/002719", "correlationVector":"7dkRs2aopSKdqtfl+TRWju.117","action":"GetUpdates", "result":"DeleteReceived", "context":{"id":"c79dc73e-9715-4805-97da-01b44d5d63b4", "isDeleted:":"true", "version":"1678789714888"}}
{"logTime": "0323/002719", "correlationVector":"7dkRs2aopSKdqtfl+TRWju.118","action":"GetUpdates", "result":"DeleteReceived", "context":{"id":"5ae6343e-85f0-4cbf-830e-c72d44315fad", "isDeleted:":"true", "version":"1678789714889"}}
{"logTime": "0323/002719", "correlationVector":"7dkRs2aopSKdqtfl+TRWju.119","action":"GetUpdates", "result":"DeleteReceived", "context":{"id":"9d5c4cd1-fdd3-4453-8423-096e91d6ec5b", "isDeleted:":"true", "version":"1678789714890"}}
{"logTime": "0323/002719", "correlationVector":"7dkRs2aopSKdqtfl+TRWju.120","action":"GetUpdates", "result":"DeleteReceived", "context":{"id":"5a184dea-318d-4629-9624-49f1a9198be6", "isDeleted:":"true", "version":"1678789714892"}}
{"logTime": "0323/002719", "correlationVector":"7dkRs2aopSKdqtfl+TRWju.121","action":"GetUpdates", "result":"DeleteReceived", "context":{"id":"170341e3-1117-4ed2-8646-86f442b58edd", "isDeleted:":"true", "version":"1678789714893"}}
{"logTime": "0323/002719", "correlationVector":"7dkRs2aopSKdqtfl+TRWju.122","action":"GetUpdates", "result":"DeleteReceived", "context":{"id":"3a5a01e2-ce6e-4c62-ba19-5a24b2ea3eb5", "isDeleted:":"true", "version":"1678790056157"}}
{"logTime": "0323/002719", "correlationVector":"7dkRs2aopSKdqtfl+TRWju.123","action":"GetUpdates", "result":"DeleteReceived", "context":{"id":"b16a3205-b061-4d56-af9d-ff9a97efb6f8", "isDeleted:":"true", "version":"1678792401104"}}
{"logTime": "0323/002719", "correlationVector":"7dkRs2aopSKdqtfl+TRWju.124","action":"GetUpdates", "result":"DeleteReceived", "context":{"id":"5b67d486-751f-4aff-89a0-c6aa72746a1c", "isDeleted:":"true", "version":"1678804386454"}}
{"logTime": "0323/002719", "correlationVector":"7dkRs2aopSKdqtfl+TRWju.125","action":"GetUpdates", "result":"DeleteReceived", "context":{"id":"206ecf0f-cb95-4500-8dd3-5873d51a64e2", "isDeleted:":"true", "version":"1678804386455"}}
{"logTime": "0323/002719", "correlationVector":"7dkRs2aopSKdqtfl+TRWju.126","action":"GetUpdates", "result":"DeleteReceived", "context":{"id":"54bf705e-6d9c-4b1a-b175-8e2ecc7e9fc5", "isDeleted:":"true", "version":"1678804386457"}}
{"logTime": "0323/002719", "correlationVector":"7dkRs2aopSKdqtfl+TRWju.127","action":"GetUpdates", "result":"DeleteReceived", "context":{"id":"8f752f97-c298-4d3c-bf60-a4dbe49df31c", "isDeleted:":"true", "version":"1678804386458"}}
{"logTime": "0323/002719", "correlationVector":"7dkRs2aopSKdqtfl+TRWju.128","action":"GetUpdates", "result":"DeleteReceived", "context":{"id":"af57cd00-7c45-4e9f-a372-bfe5e314f8b1", "isDeleted:":"true", "version":"1678810426017"}}
{"logTime": "0323/002719", "correlationVector":"7dkRs2aopSKdqtfl+TRWju.129","action":"GetUpdates", "result":"DeleteReceived", "context":{"id":"fc3fc527-d0b5-45df-8bd6-f75f9a5ca7a7", "isDeleted:":"true", "version":"1678810426019"}}
{"logTime": "0323/002719", "correlationVector":"7dkRs2aopSKdqtfl+TRWju.130","action":"GetUpdates", "result":"DeleteReceived", "context":{"id":"84f80777-9cd2-4038-936b-b6653a120013", "isDeleted:":"true", "version":"1678810426020"}}
{"logTime": "0323/002719", "correlationVector":"7dkRs2aopSKdqtfl+TRWju.131","action":"GetUpdates", "result":"DeleteReceived", "context":{"id":"952aba96-efd7-468d-a185-2bbe2097160b", "isDeleted:":"true", "version":"1678811077469"}}
{"logTime": "0323/002719", "correlationVector":"7dkRs2aopSKdqtfl+TRWju.132","action":"GetUpdates", "result":"DeleteReceived", "context":{"id":"03e26ec0-93aa-4c01-ac27-5f36e5ac8846", "isDeleted:":"true", "version":"1678811077470"}}
{"logTime": "0323/002719", "correlationVector":"7dkRs2aopSKdqtfl+TRWju.133","action":"GetUpdates", "result":"DeleteReceived", "context":{"id":"5b95632e-111e-4e53-b5a2-bdbd6987aab7", "isDeleted:":"true", "version":"1678811077471"}}
{"logTime": "0323/002719", "correlationVector":"7dkRs2aopSKdqtfl+TRWju.134","action":"GetUpdates", "result":"DeleteReceived", "context":{"id":"e6cda166-3880-4b4d-a4af-d8cbb795713a", "isDeleted:":"true", "version":"1678811077473"}}
{"logTime": "0323/002719", "correlationVector":"7dkRs2aopSKdqtfl+TRWju.135","action":"GetUpdates", "result":"DeleteReceived", "context":{"id":"738cb96d-7678-409b-9fcb-f105c5cff951", "isDeleted:":"true", "version":"1678811077474"}}
{"logTime": "0323/002719", "correlationVector":"7dkRs2aopSKdqtfl+TRWju.136","action":"GetUpdates", "result":"DeleteReceived", "context":{"id":"41a1da77-fca7-46b8-af42-2ba21892b6fa", "isDeleted:":"true", "version":"1678811154718"}}
{"logTime": "0323/002719", "correlationVector":"7dkRs2aopSKdqtfl+TRWju.137","action":"GetUpdates", "result":"DeleteReceived", "context":{"id":"724c80aa-24ff-42f4-bc56-5c056b7e9cc9", "isDeleted:":"true", "version":"1678812580098"}}
{"logTime": "0323/002719", "correlationVector":"7dkRs2aopSKdqtfl+TRWju.138","action":"GetUpdates", "result":"DeleteReceived", "context":{"id":"ccd96ada-20e3-42cb-9744-e1ff7d33051f", "isDeleted:":"true", "version":"1678812848389"}}
{"logTime": "0323/002719", "correlationVector":"7dkRs2aopSKdqtfl+TRWju.139","action":"GetUpdates", "result":"DeleteReceived", "context":{"id":"545d2b87-e39d-4d98-a8d2-86179092c4a6", "isDeleted:":"true", "version":"1678876178340"}}
{"logTime": "0323/002719", "correlationVector":"7dkRs2aopSKdqtfl+TRWju.140","action":"GetUpdates", "result":"DeleteReceived", "context":{"id":"42416577-4598-485a-957c-605ae8cb97f5", "isDeleted:":"true", "version":"1678876178342"}}
{"logTime": "0323/002719", "correlationVector":"7dkRs2aopSKdqtfl+TRWju.141","action":"GetUpdates", "result":"DeleteReceived", "context":{"id":"20be4c80-193b-496a-9c83-5753775fd6be", "isDeleted:":"true", "version":"1678889155510"}}
{"logTime": "0323/002719", "correlationVector":"7dkRs2aopSKdqtfl+TRWju.142","action":"GetUpdates", "result":"DeleteReceived", "context":{"id":"82417cbd-3935-47be-817f-fd214b76258a", "isDeleted:":"true", "version":"1678889155512"}}
{"logTime": "0323/002719", "correlationVector":"7dkRs2aopSKdqtfl+TRWju.143","action":"GetUpdates", "result":"DeleteReceived", "context":{"id":"d18b4d76-f609-4b62-a103-e51f983ab812", "isDeleted:":"true", "version":"1678889155514"}}
{"logTime": "0323/002719", "correlationVector":"7dkRs2aopSKdqtfl+TRWju.144","action":"GetUpdates", "result":"DeleteReceived", "context":{"id":"140a1093-7407-40ea-b2f9-3b1c39735aab", "isDeleted:":"true", "version":"1678889155515"}}
{"logTime": "0323/002719", "correlationVector":"7dkRs2aopSKdqtfl+TRWju.145","action":"GetUpdates", "result":"DeleteReceived", "context":{"id":"9858c6f8-40a8-4e3c-92ee-d28c3fdb74d6", "isDeleted:":"true", "version":"1678889459221"}}
{"logTime": "0323/002719", "correlationVector":"7dkRs2aopSKdqtfl+TRWju.146","action":"GetUpdates", "result":"DeleteReceived", "context":{"id":"aeb5fa85-2004-4cec-b540-c2ffa780c9d8", "isDeleted:":"true", "version":"1678889473511"}}
{"logTime": "0323/002719", "correlationVector":"7dkRs2aopSKdqtfl+TRWju.147","action":"GetUpdates", "result":"DeleteReceived", "context":{"id":"0132ec7f-5bb1-4d95-9817-112210bd8270", "isDeleted:":"true", "version":"1678889882416"}}
{"logTime": "0323/002719", "correlationVector":"7dkRs2aopSKdqtfl+TRWju.148","action":"GetUpdates", "result":"DeleteReceived", "context":{"id":"9df105b8-3d26-4478-8865-3855fe66ffa0", "isDeleted:":"true", "version":"1678913132893"}}
{"logTime": "0323/002719", "correlationVector":"7dkRs2aopSKdqtfl+TRWju.149","action":"GetUpdates", "result":"DeleteReceived", "context":{"id":"082b281f-061f-40eb-ab8c-0b0258012015", "isDeleted:":"true", "version":"1678913132895"}}
{"logTime": "0323/002719", "correlationVector":"7dkRs2aopSKdqtfl+TRWju.150","action":"GetUpdates", "result":"DeleteReceived", "context":{"id":"49241295-de4a-4566-b0de-bf6fb2514adc", "isDeleted:":"true", "version":"1678964595825"}}
{"logTime": "0323/002720", "correlationVector":"7dkRs2aopSKdqtfl+TRWju.151","action":"GetUpdates", "result":"DeleteReceived", "context":{"id":"2cbbb78e-2b8c-4835-a3d8-415ad2cfcd11", "isDeleted:":"true", "version":"1678967563648"}}
{"logTime": "0323/002721", "correlationVector":"7dkRs2aopSKdqtfl+TRWju.152","action":"GetUpdates", "result":"DeleteReceived", "context":{"id":"62ec8178-a2c9-4735-bbae-935e36717582", "isDeleted:":"true", "version":"1678967563649"}}
{"logTime": "0323/002721", "correlationVector":"7dkRs2aopSKdqtfl+TRWju.153","action":"GetUpdates", "result":"DeleteReceived", "context":{"id":"a624e3a0-2b3b-4c37-8d1e-e55e52e63510", "isDeleted:":"true", "version":"1678967563650"}}
{"logTime": "0323/002721", "correlationVector":"7dkRs2aopSKdqtfl+TRWju.154","action":"GetUpdates", "result":"DeleteReceived", "context":{"id":"4778ff92-a7af-4158-938c-6721d27a0d11", "isDeleted:":"true", "version":"1678973721312"}}
{"logTime": "0323/002721", "correlationVector":"7dkRs2aopSKdqtfl+TRWju.155","action":"GetUpdates", "result":"DeleteReceived", "context":{"id":"e7a36c1e-fa03-407c-a5c5-6cd41e83cf73", "isDeleted:":"true", "version":"1678973721313"}}
{"logTime": "0323/002721", "correlationVector":"7dkRs2aopSKdqtfl+TRWju.156","action":"GetUpdates", "result":"DeleteReceived", "context":{"id":"7ece3993-13e4-4ee3-b539-723544b2b610", "isDeleted:":"true", "version":"1678976312823"}}
{"logTime": "0323/002721", "correlationVector":"7dkRs2aopSKdqtfl+TRWju.157","action":"GetUpdates", "result":"DeleteReceived", "context":{"id":"805650a0-d664-412e-a0d8-2c4802f79e76", "isDeleted:":"true", "version":"1678981412329"}}
{"logTime": "0323/002721", "correlationVector":"7dkRs2aopSKdqtfl+TRWju.158","action":"GetUpdates", "result":"DeleteReceived", "context":{"id":"408c6f86-aedf-40a1-9458-9b582cbcb5c3", "isDeleted:":"true", "version":"1678981412330"}}
{"logTime": "0323/002721", "correlationVector":"7dkRs2aopSKdqtfl+TRWju.159","action":"GetUpdates", "result":"DeleteReceived", "context":{"id":"d1919fbf-f1d9-4738-b4a2-4a52d59e5e9a", "isDeleted:":"true", "version":"1678981412332"}}
{"logTime": "0323/002721", "correlationVector":"7dkRs2aopSKdqtfl+TRWju.160","action":"GetUpdates", "result":"DeleteReceived", "context":{"id":"fcbf3ba0-2f7b-48ef-941e-5a6942531f19", "isDeleted:":"true", "version":"1678981412333"}}
{"logTime": "0323/002721", "correlationVector":"7dkRs2aopSKdqtfl+TRWju.161","action":"GetUpdates", "result":"DeleteReceived", "context":{"id":"4e05c274-f527-4953-8441-ee6818216322", "isDeleted:":"true", "version":"1678981666899"}}
{"logTime": "0323/002721", "correlationVector":"7dkRs2aopSKdqtfl+TRWju.162","action":"GetUpdates", "result":"DeleteReceived", "context":{"id":"b7bc220c-4828-4e94-9c34-52a586ec4fa7", "isDeleted:":"true", "version":"1678981666900"}}
{"logTime": "0323/002721", "correlationVector":"7dkRs2aopSKdqtfl+TRWju.163","action":"GetUpdates", "result":"DeleteReceived", "context":{"id":"0970298f-0075-404e-a01a-e30dde3391a4", "isDeleted:":"true", "version":"1678981666902"}}
{"logTime": "0323/002721", "correlationVector":"7dkRs2aopSKdqtfl+TRWju.164","action":"GetUpdates", "result":"DeleteReceived", "context":{"id":"1dc4b564-21a2-432a-ba84-d957e4a80014", "isDeleted:":"true", "version":"1678981666903"}}
{"logTime": "0323/002721", "correlationVector":"7dkRs2aopSKdqtfl+TRWju.165","action":"GetUpdates", "result":"DeleteReceived", "context":{"id":"aadd18db-0daf-43d6-a28c-fa0281e75108", "isDeleted:":"true", "version":"1678982251218"}}
{"logTime": "0323/002722", "correlationVector":"7dkRs2aopSKdqtfl+TRWju.166","action":"GetUpdates", "result":"DeleteReceived", "context":{"id":"78e59b68-b80a-4796-ab88-e1899f17b0a7", "isDeleted:":"true", "version":"1678984029139"}}
{"logTime": "0323/002722", "correlationVector":"7dkRs2aopSKdqtfl+TRWju.167","action":"GetUpdates", "result":"DeleteReceived", "context":{"id":"ae6ebcfb-371c-49b1-8a80-2df33820d044", "isDeleted:":"true", "version":"1678984029141"}}
{"logTime": "0323/002722", "correlationVector":"7dkRs2aopSKdqtfl+TRWju.168","action":"GetUpdates", "result":"DeleteReceived", "context":{"id":"81f70c49-c6e2-4656-abad-23fd1ef57187", "isDeleted:":"true", "version":"1678984029142"}}
{"logTime": "0323/002722", "correlationVector":"7dkRs2aopSKdqtfl+TRWju.169","action":"GetUpdates", "result":"DeleteReceived", "context":{"id":"1f408330-cd54-46ac-9bd6-515e0ee9ce02", "isDeleted:":"true", "version":"1679048676892"}}
{"logTime": "0323/002722", "correlationVector":"7dkRs2aopSKdqtfl+TRWju.170","action":"GetUpdates", "result":"DeleteReceived", "context":{"id":"9bde9333-9167-425f-9839-da1097287adf", "isDeleted:":"true", "version":"1679048676893"}}
{"logTime": "0323/002722", "correlationVector":"7dkRs2aopSKdqtfl+TRWju.171","action":"GetUpdates", "result":"DeleteReceived", "context":{"id":"58e6ef4f-318a-47f3-b722-3f95d16b27ca", "isDeleted:":"true", "version":"1679050235375"}}
{"logTime": "0323/002722", "correlationVector":"7dkRs2aopSKdqtfl+TRWju.172","action":"GetUpdates", "result":"DeleteReceived", "context":{"id":"899a23ec-f450-49af-b195-9f99e13b4555", "isDeleted:":"true", "version":"1679050283575"}}
{"logTime": "0323/002722", "correlationVector":"7dkRs2aopSKdqtfl+TRWju.173","action":"GetUpdates", "result":"DeleteReceived", "context":{"id":"40adaa13-6880-49ae-b550-966a529e5a75", "isDeleted:":"true", "version":"1679050283577"}}
{"logTime": "0323/002723", "correlationVector":"7dkRs2aopSKdqtfl+TRWju.174","action":"GetUpdates", "result":"DeleteReceived", "context":{"id":"c96a2640-82c7-410e-bc4c-a0ff74f3594a", "isDeleted:":"true", "version":"1679134120169"}}
{"logTime": "0323/002723", "correlationVector":"7dkRs2aopSKdqtfl+TRWju.175","action":"GetUpdates", "result":"DeleteReceived", "context":{"id":"bf3b1dcd-5b6a-44c4-b9bd-08c8f775bbd8", "isDeleted:":"true", "version":"1679140940190"}}
{"logTime": "0323/002723", "correlationVector":"7dkRs2aopSKdqtfl+TRWju.176","action":"GetUpdates", "result":"DeleteReceived", "context":{"id":"6b6d6a9b-e78a-482e-8694-6addb9b50c80", "isDeleted:":"true", "version":"1679140940192"}}
{"logTime": "0323/002723", "correlationVector":"7dkRs2aopSKdqtfl+TRWju.177","action":"GetUpdates", "result":"DeleteReceived", "context":{"id":"66bc2606-67ea-4c2b-8218-a09f8a17da71", "isDeleted:":"true", "version":"1679226575592"}}
{"logTime": "0323/002723", "correlationVector":"7dkRs2aopSKdqtfl+TRWju.178","action":"GetUpdates", "result":"DeleteReceived", "context":{"id":"2383f45e-23a3-480d-86a2-fb8b7ed36914", "isDeleted:":"true", "version":"1679308447826"}}
{"logTime": "0323/002723", "correlationVector":"7dkRs2aopSKdqtfl+TRWju.179","action":"GetUpdates Response", "result":"SERVER_MORE_TO_DOWNLOAD", "context":Received 232 update(s).  Some updates remain.}
{"logTime": "0323/002723", "correlationVector":"EsN7C2NaBYwY67CSrC1UPb","action":"Normal GetUpdate request", "result":"", "context":cV=EsN7C2NaBYwY67CSrC1UPb
Nudged types: Preferences, Sessions, Device Info, User Consents
Refresh requested types: Bookmarks, Preferences, Passwords, Autofill Profiles, Autofill, Autofill Custom Data, Typed URLs, Extensions, Sessions, Extension settings, History Delete Directives, Device Info, User Consents, Send Tab To Self, Web Apps, Collection, Edge E Drop, Encryption Keys}
{"logTime": "0323/002723", "correlationVector":"EsN7C2NaBYwY67CSrC1UPb.1","action":"SyncServerConnectionManagerRequest", "result":"SYNC_SERVER_OK", "context":{"environment":"Prod_EastUS2_000e", "migrationStage":"NotStarted", "server":"GENERAL0100000S"}}
{"logTime": "0323/002723", "correlationVector":"EsN7C2NaBYwY67CSrC1UPb.2","action":"GetUpdates", "result":"DeleteReceived", "context":{"id":"db4d79fc-ab35-4936-910b-68f2b9ed429b", "isDeleted:":"true", "version":"1679316859484"}}
{"logTime": "0323/002723", "correlationVector":"EsN7C2NaBYwY67CSrC1UPb.3","action":"GetUpdates", "result":"DeleteReceived", "context":{"id":"a48f0247-c418-4886-ba19-b1ad675f6220", "isDeleted:":"true", "version":"1679316859485"}}
{"logTime": "0323/002723", "correlationVector":"EsN7C2NaBYwY67CSrC1UPb.4","action":"GetUpdates", "result":"DeleteReceived", "context":{"id":"270d19e1-1f4c-4ac2-9663-d625bcd97402", "isDeleted:":"true", "version":"1679316859486"}}
{"logTime": "0323/002723", "correlationVector":"EsN7C2NaBYwY67CSrC1UPb.5","action":"GetUpdates", "result":"DeleteReceived", "context":{"id":"bccabba3-027c-4c26-90f6-47ac9ca0ca10", "isDeleted:":"true", "version":"1679320871710"}}
{"logTime": "0323/002723", "correlationVector":"EsN7C2NaBYwY67CSrC1UPb.6","action":"GetUpdates", "result":"DeleteReceived", "context":{"id":"5d6b29a3-ede5-4969-8a98-34d75fabf66d", "isDeleted:":"true", "version":"1679328221408"}}
{"logTime": "0323/002723", "correlationVector":"EsN7C2NaBYwY67CSrC1UPb.7","action":"GetUpdates", "result":"DeleteReceived", "context":{"id":"3ad762ad-61e5-4243-ab62-e7cff13387ac", "isDeleted:":"true", "version":"1679394752820"}}
{"logTime": "0323/002723", "correlationVector":"EsN7C2NaBYwY67CSrC1UPb.8","action":"GetUpdates", "result":"DeleteReceived", "context":{"id":"7a9fff3c-dd1a-4c8c-927c-120f125d6f0d", "isDeleted:":"true", "version":"1679398647865"}}
{"logTime": "0323/002723", "correlationVector":"EsN7C2NaBYwY67CSrC1UPb.9","action":"GetUpdates", "result":"DeleteReceived", "context":{"id":"a7a0a3bb-1590-4447-805c-95734204d40b", "isDeleted:":"true", "version":"1679404978001"}}
{"logTime": "0323/002723", "correlationVector":"EsN7C2NaBYwY67CSrC1UPb.10","action":"GetUpdates", "result":"DeleteReceived", "context":{"id":"48e6e207-873e-4c72-89c2-adde7b6024b0", "isDeleted:":"true", "version":"1679405096764"}}
{"logTime": "0323/002723", "correlationVector":"EsN7C2NaBYwY67CSrC1UPb.11","action":"GetUpdates", "result":"DeleteReceived", "context":{"id":"f00683f7-754a-4abf-a437-dc90e9edc03d", "isDeleted:":"true", "version":"1679405096765"}}
{"logTime": "0323/002723", "correlationVector":"EsN7C2NaBYwY67CSrC1UPb.12","action":"GetUpdates", "result":"DeleteReceived", "context":{"id":"e015d64d-1424-4f21-ad8b-95ecc7e5aa58", "isDeleted:":"true", "version":"1679405096767"}}
{"logTime": "0323/002723", "correlationVector":"EsN7C2NaBYwY67CSrC1UPb.13","action":"GetUpdates", "result":"DeleteReceived", "context":{"id":"3b0b9bdd-6815-430c-86f3-8f6c6d96023c", "isDeleted:":"true", "version":"1679405127880"}}
{"logTime": "0323/002723", "correlationVector":"EsN7C2NaBYwY67CSrC1UPb.14","action":"GetUpdates", "result":"DeleteReceived", "context":{"id":"b4f7295b-92b0-467c-96ac-a64badc4393e", "isDeleted:":"true", "version":"1679405956598"}}
{"logTime": "0323/002723", "correlationVector":"EsN7C2NaBYwY67CSrC1UPb.15","action":"GetUpdates", "result":"DeleteReceived", "context":{"id":"880e853c-97e6-47e6-a7e9-dfd3d4ba1186", "isDeleted:":"true", "version":"1679405956599"}}
{"logTime": "0323/002723", "correlationVector":"EsN7C2NaBYwY67CSrC1UPb.16","action":"GetUpdates", "result":"DeleteReceived", "context":{"id":"c0636f1a-14f0-47cb-9adb-4aced97ebf57", "isDeleted:":"true", "version":"1679406002602"}}
{"logTime": "0323/002723", "correlationVector":"EsN7C2NaBYwY67CSrC1UPb.17","action":"GetUpdates", "result":"DeleteReceived", "context":{"id":"c9ddb12d-72cf-47e8-b084-3c87993d26f5", "isDeleted:":"true", "version":"1679406882314"}}
{"logTime": "0323/002723", "correlationVector":"EsN7C2NaBYwY67CSrC1UPb.18","action":"GetUpdates", "result":"DeleteReceived", "context":{"id":"6487a065-3ae7-45bf-9d7f-367cd4298b9d", "isDeleted:":"true", "version":"1679406882315"}}
{"logTime": "0323/002723", "correlationVector":"EsN7C2NaBYwY67CSrC1UPb.19","action":"GetUpdates", "result":"DeleteReceived", "context":{"id":"47cea6e8-2714-4f8c-925a-ce14ff22cc09", "isDeleted:":"true", "version":"1679407192909"}}
{"logTime": "0323/002723", "correlationVector":"EsN7C2NaBYwY67CSrC1UPb.20","action":"GetUpdates", "result":"DeleteReceived", "context":{"id":"e7cca511-6f4f-4a87-9212-ea0635a2b837", "isDeleted:":"true", "version":"1679408106300"}}
{"logTime": "0323/002723", "correlationVector":"EsN7C2NaBYwY67CSrC1UPb.21","action":"GetUpdates", "result":"DeleteReceived", "context":{"id":"a23beb60-3bdd-4adb-92aa-b787c9452665", "isDeleted:":"true", "version":"1679408798600"}}
{"logTime": "0323/002724", "correlationVector":"EsN7C2NaBYwY67CSrC1UPb.22","action":"GetUpdates", "result":"DeleteReceived", "context":{"id":"1acb7867-9e14-42e7-8045-b3823d41079f", "isDeleted:":"true", "version":"1679412914592"}}
{"logTime": "0323/002724", "correlationVector":"EsN7C2NaBYwY67CSrC1UPb.23","action":"GetUpdates", "result":"DeleteReceived", "context":{"id":"e35a9301-11b0-4e32-a7f8-d86ab068a1f6", "isDeleted:":"true", "version":"1679412914593"}}
{"logTime": "0323/002724", "correlationVector":"EsN7C2NaBYwY67CSrC1UPb.24","action":"GetUpdates", "result":"DeleteReceived", "context":{"id":"80f5185a-70fb-42ff-9bc0-dec97806b6cd", "isDeleted:":"true", "version":"1679413933919"}}
{"logTime": "0323/002724", "correlationVector":"EsN7C2NaBYwY67CSrC1UPb.25","action":"GetUpdates", "result":"DeleteReceived", "context":{"id":"25323179-5534-4e81-b78c-6d9c349e7f77", "isDeleted:":"true", "version":"1679413933920"}}
{"logTime": "0323/002724", "correlationVector":"EsN7C2NaBYwY67CSrC1UPb.26","action":"GetUpdates", "result":"DeleteReceived", "context":{"id":"39ab679c-aa9c-4a27-9cc8-11968a0a9243", "isDeleted:":"true", "version":"1679413933921"}}
{"logTime": "0323/002724", "correlationVector":"EsN7C2NaBYwY67CSrC1UPb.27","action":"GetUpdates", "result":"DeleteReceived", "context":{"id":"d0f7ee89-e94f-413d-887d-584d7dcaf53f", "isDeleted:":"true", "version":"1679415945628"}}
{"logTime": "0323/002724", "correlationVector":"EsN7C2NaBYwY67CSrC1UPb.28","action":"GetUpdates", "result":"DeleteReceived", "context":{"id":"edfbceae-1e99-4f3e-9dd0-28c023728610", "isDeleted:":"true", "version":"1679481010660"}}
{"logTime": "0323/002724", "correlationVector":"EsN7C2NaBYwY67CSrC1UPb.29","action":"GetUpdates", "result":"DeleteReceived", "context":{"id":"59d0a35c-6270-4a38-8615-200ede9c14e3", "isDeleted:":"true", "version":"1679481010661"}}
{"logTime": "0323/002724", "correlationVector":"EsN7C2NaBYwY67CSrC1UPb.30","action":"GetUpdates", "result":"DeleteReceived", "context":{"id":"2746380d-8ec8-4d08-9d70-ce8921c670b7", "isDeleted:":"true", "version":"1679481010663"}}
{"logTime": "0323/002724", "correlationVector":"EsN7C2NaBYwY67CSrC1UPb.31","action":"GetUpdates", "result":"DeleteReceived", "context":{"id":"f5a1f06c-7898-4e44-b688-6772470a6353", "isDeleted:":"true", "version":"1679481010665"}}
{"logTime": "0323/002724", "correlationVector":"EsN7C2NaBYwY67CSrC1UPb.32","action":"GetUpdates", "result":"DeleteReceived", "context":{"id":"5cd65754-1109-4e30-b41d-62cdd2ff0c4e", "isDeleted:":"true", "version":"1679481010666"}}
{"logTime": "0323/002724", "correlationVector":"EsN7C2NaBYwY67CSrC1UPb.33","action":"GetUpdates", "result":"DeleteReceived", "context":{"id":"41de6d39-e860-4777-bff9-ff3b6f9ecc39", "isDeleted:":"true", "version":"1679481010667"}}
{"logTime": "0323/002724", "correlationVector":"EsN7C2NaBYwY67CSrC1UPb.34","action":"GetUpdates", "result":"DeleteReceived", "context":{"id":"d25402e6-4b0d-46f0-a4b0-e17bcb23c292", "isDeleted:":"true", "version":"1679481010668"}}
{"logTime": "0323/002724", "correlationVector":"EsN7C2NaBYwY67CSrC1UPb.35","action":"GetUpdates", "result":"DeleteReceived", "context":{"id":"9964c16a-331c-4056-be30-83a16cc0c884", "isDeleted:":"true", "version":"1679485338012"}}
{"logTime": "0323/002724", "correlationVector":"EsN7C2NaBYwY67CSrC1UPb.36","action":"GetUpdates", "result":"DeleteReceived", "context":{"id":"16a6317c-dbe4-495b-bdb2-01f8e4182719", "isDeleted:":"true", "version":"1679485338013"}}
{"logTime": "0323/002724", "correlationVector":"EsN7C2NaBYwY67CSrC1UPb.37","action":"GetUpdates", "result":"DeleteReceived", "context":{"id":"9174c8b1-9fb6-47bc-a491-6677ed9d071e", "isDeleted:":"true", "version":"1679485338014"}}
{"logTime": "0323/002724", "correlationVector":"EsN7C2NaBYwY67CSrC1UPb.38","action":"GetUpdates", "result":"DeleteReceived", "context":{"id":"86430e3c-acd4-44b5-ab54-c8b510bdd613", "isDeleted:":"true", "version":"1679485338015"}}
{"logTime": "0323/002724", "correlationVector":"EsN7C2NaBYwY67CSrC1UPb.39","action":"GetUpdates", "result":"DeleteReceived", "context":{"id":"355bb208-c260-4f57-85ad-24a506f92382", "isDeleted:":"true", "version":"1679485338017"}}
{"logTime": "0323/002724", "correlationVector":"EsN7C2NaBYwY67CSrC1UPb.40","action":"GetUpdates", "result":"DeleteReceived", "context":{"id":"a664fa1d-1d9f-4163-b6fd-ad850a5cfbdf", "isDeleted:":"true", "version":"1679485338018"}}
{"logTime": "0323/002724", "correlationVector":"EsN7C2NaBYwY67CSrC1UPb.41","action":"GetUpdates", "result":"DeleteReceived", "context":{"id":"28071e2e-744c-4ce0-a9c5-1b1ff5ea59ff", "isDeleted:":"true", "version":"1679485529815"}}
{"logTime": "0323/002724", "correlationVector":"EsN7C2NaBYwY67CSrC1UPb.42","action":"GetUpdates", "result":"DeleteReceived", "context":{"id":"489d301d-7e05-47d2-a216-1158c985d533", "isDeleted:":"true", "version":"1679490893828"}}
{"logTime": "0323/002724", "correlationVector":"EsN7C2NaBYwY67CSrC1UPb.43","action":"GetUpdates", "result":"DeleteReceived", "context":{"id":"41da71a4-844d-4cbc-9a20-19183e3b499f", "isDeleted:":"true", "version":"1679490893831"}}
{"logTime": "0323/002724", "correlationVector":"EsN7C2NaBYwY67CSrC1UPb.44","action":"GetUpdates", "result":"DeleteReceived", "context":{"id":"eb32ca29-3172-42a3-a3f0-3bb190de073b", "isDeleted:":"true", "version":"1679490893832"}}
{"logTime": "0323/002724", "correlationVector":"EsN7C2NaBYwY67CSrC1UPb.45","action":"GetUpdates", "result":"DeleteReceived", "context":{"id":"22b56667-f704-4cf8-a185-759a5fa87013", "isDeleted:":"true", "version":"1679493377442"}}
{"logTime": "0323/002724", "correlationVector":"EsN7C2NaBYwY67CSrC1UPb.46","action":"GetUpdates", "result":"DeleteReceived", "context":{"id":"867fdcfe-a7e0-4d00-9a48-5563d18d21cd", "isDeleted:":"true", "version":"1679493377444"}}
{"logTime": "0323/002724", "correlationVector":"EsN7C2NaBYwY67CSrC1UPb.47","action":"GetUpdates", "result":"DeleteReceived", "context":{"id":"97df0ed0-aa8d-4976-bd29-2472ed54865d", "isDeleted:":"true", "version":"1679499319373"}}
{"logTime": "0323/002724", "correlationVector":"EsN7C2NaBYwY67CSrC1UPb.48","action":"GetUpdates", "result":"DeleteReceived", "context":{"id":"b4f3b9d3-644e-4a8a-8d45-eb3287de6d3e", "isDeleted:":"true", "version":"1679499319374"}}
{"logTime": "0323/002724", "correlationVector":"EsN7C2NaBYwY67CSrC1UPb.49","action":"GetUpdates", "result":"DeleteReceived", "context":{"id":"0146bca2-3644-4104-8ecb-6db2e4050eea", "isDeleted:":"true", "version":"1679500180911"}}
{"logTime": "0323/002724", "correlationVector":"EsN7C2NaBYwY67CSrC1UPb.50","action":"GetUpdates", "result":"DeleteReceived", "context":{"id":"5988a266-3ba8-4c47-9651-026498ea3f19", "isDeleted:":"true", "version":"1679502964158"}}
{"logTime": "0323/002724", "correlationVector":"EsN7C2NaBYwY67CSrC1UPb.51","action":"GetUpdates", "result":"DeleteReceived", "context":{"id":"839855ec-79d7-4f59-a245-2c5074bcd9a0", "isDeleted:":"true", "version":"1679502964161"}}
{"logTime": "0323/002724", "correlationVector":"EsN7C2NaBYwY67CSrC1UPb.52","action":"GetUpdates", "result":"DeleteReceived", "context":{"id":"8b94827b-edd0-4e2e-9523-851730569c02", "isDeleted:":"true", "version":"1679502964162"}}
{"logTime": "0323/002724", "correlationVector":"EsN7C2NaBYwY67CSrC1UPb.53","action":"GetUpdates", "result":"DeleteReceived", "context":{"id":"e1e97b6d-0083-44ce-b3a2-6022a09b91b4", "isDeleted:":"true", "version":"1679504050059"}}
{"logTime": "0323/002724", "correlationVector":"EsN7C2NaBYwY67CSrC1UPb.54","action":"GetUpdates", "result":"DeleteReceived", "context":{"id":"895560c6-6808-450d-9956-5a580585fd57", "isDeleted:":"true", "version":"1679504370705"}}
{"logTime": "0323/002724", "correlationVector":"EsN7C2NaBYwY67CSrC1UPb.55","action":"GetUpdates", "result":"DeleteReceived", "context":{"id":"180f375a-d69c-4359-97ef-9911d9f0a68d", "isDeleted:":"true", "version":"1679504651818"}}
{"logTime": "0323/002724", "correlationVector":"EsN7C2NaBYwY67CSrC1UPb.56","action":"GetUpdates", "result":"DeleteReceived", "context":{"id":"4976c7e3-37a8-4123-9e4e-74b8d769b94a", "isDeleted:":"true", "version":"1679517921863"}}
{"logTime": "0323/002724", "correlationVector":"EsN7C2NaBYwY67CSrC1UPb.57","action":"GetUpdates", "result":"DeleteReceived", "context":{"id":"d70966d0-76e5-41f0-a66b-d947644f6265", "isDeleted:":"true", "version":"1679517921865"}}
{"logTime": "0323/002724", "correlationVector":"EsN7C2NaBYwY67CSrC1UPb.58","action":"GetUpdates", "result":"DeleteReceived", "context":{"id":"1c8c6a30-78bd-42ed-bc7a-4057edeba329", "isDeleted:":"true", "version":"1679528507867"}}
{"logTime": "0323/002724", "correlationVector":"EsN7C2NaBYwY67CSrC1UPb.59","action":"GetUpdates", "result":"DeleteReceived", "context":{"id":"9c9b7322-8889-4962-94ba-089657b79604", "isDeleted:":"true", "version":"1679528507868"}}
{"logTime": "0323/002724", "correlationVector":"EsN7C2NaBYwY67CSrC1UPb.60","action":"GetUpdates", "result":"DeleteReceived", "context":{"id":"a41308a5-ec91-4cbd-afb6-908fa8006c45", "isDeleted:":"true", "version":"1679528507870"}}
{"logTime": "0323/002724", "correlationVector":"EsN7C2NaBYwY67CSrC1UPb.61","action":"GetUpdates", "result":"DeleteReceived", "context":{"id":"ea6412d9-dadd-403b-abb5-34f169ca72e0", "isDeleted:":"true", "version":"1679528507871"}}
{"logTime": "0323/002724", "correlationVector":"EsN7C2NaBYwY67CSrC1UPb.62","action":"GetUpdates", "result":"DeleteReceived", "context":{"id":"c4a53af8-8b8a-44df-8431-a961eb302978", "isDeleted:":"true", "version":"1679530605717"}}
{"logTime": "0323/002724", "correlationVector":"EsN7C2NaBYwY67CSrC1UPb.63","action":"GetUpdates Response", "result":"SYNCER_OK", "context":Received 96 update(s). cV=EsN7C2NaBYwY67CSrC1UPb.0;server=GENERAL0100000S;cloudType=Multitenant;environment=Prod_EastUS2_000e;migrationStage=NotStarted}
{"logTime": "0323/002724", "correlationVector":"ZGCDqmWE0eWyjRKMVEZWvq","action":"Commit Request", "result":"", "context":Item count: 1
Contributing types: Device Info}
{"logTime": "0323/002724", "correlationVector":"ZGCDqmWE0eWyjRKMVEZWvq.1","action":"SyncServerConnectionManagerRequest", "result":"SYNC_SERVER_OK", "context":{"environment":"Prod_EastUS2_000e", "migrationStage":"NotStarted", "server":"GENERAL01000027"}}
{"logTime": "0323/002724", "correlationVector":"ZGCDqmWE0eWyjRKMVEZWvq.2","action":"Commit Response", "result":"SYNCER_OK", "context":Result: SYNCER_OK. cV=ZGCDqmWE0eWyjRKMVEZWvq.0;server=GENERAL01000027;cloudType=Multitenant;environment=Prod_EastUS2_000e;migrationStage=NotStarted}
{"logTime": "0323/002724", "correlationVector":"PNEGXfekrBaQMrJe23rOSq","action":"Commit Request", "result":"", "context":Item count: 5
Contributing types: Autofill, Sessions, User Consents}
{"logTime": "0323/002724", "correlationVector":"PNEGXfekrBaQMrJe23rOSq.1","action":"SyncServerConnectionManagerRequest", "result":"SYNC_SERVER_OK", "context":{"environment":"Prod_EastUS2_000e", "migrationStage":"NotStarted", "server":"GENERAL0100001D"}}
{"logTime": "0323/002724", "correlationVector":"PNEGXfekrBaQMrJe23rOSq.2","action":"Commit Response", "result":"SYNCER_OK", "context":Result: SYNCER_OK. cV=PNEGXfekrBaQMrJe23rOSq.0;server=GENERAL0100001D;cloudType=Multitenant;environment=Prod_EastUS2_000e;migrationStage=NotStarted}
{"logTime": "0323/002724", "correlationVector":"62PBEE4APLs1HnL8NkVsLQ","action":"Normal GetUpdate request", "result":"", "context":cV=62PBEE4APLs1HnL8NkVsLQ
Nudged types: Autofill, Sessions, Device Info}
{"logTime": "0323/002724", "correlationVector":"62PBEE4APLs1HnL8NkVsLQ.1","action":"SyncServerConnectionManagerRequest", "result":"SYNC_SERVER_OK", "context":{"environment":"Prod_EastUS2_000e", "migrationStage":"NotStarted", "server":"GENERAL0100000S"}}
{"logTime": "0323/002724", "correlationVector":"62PBEE4APLs1HnL8NkVsLQ.2","action":"GetUpdates Response", "result":"SYNCER_OK", "context":Received 5 update(s). cV=62PBEE4APLs1HnL8NkVsLQ.0;server=GENERAL0100000S;cloudType=Multitenant;environment=Prod_EastUS2_000e;migrationStage=NotStarted}
{"logTime": "0323/002759", "correlationVector":"3OgegsFDsqTbnI7MVJhNr3","action":"Commit Request", "result":"", "context":Item count: 1
Contributing types: Sessions}
{"logTime": "0323/002759", "correlationVector":"3OgegsFDsqTbnI7MVJhNr3.1","action":"SyncServerConnectionManagerRequest", "result":"SYNC_SERVER_OK", "context":{"environment":"Prod_EastUS2_000e", "migrationStage":"NotStarted", "server":"GENERAL0100000R"}}
{"logTime": "0323/002759", "correlationVector":"3OgegsFDsqTbnI7MVJhNr3.2","action":"Commit Response", "result":"SYNCER_OK", "context":Result: SYNCER_OK. cV=3OgegsFDsqTbnI7MVJhNr3.0;server=GENERAL0100000R;cloudType=Multitenant;environment=Prod_EastUS2_000e;migrationStage=NotStarted}
{"logTime": "0323/002859", "correlationVector":"+IIZg04JVexLOSss17cD8c","action":"Poll GetUpdate request", "result":"", "context":cV=+IIZg04JVexLOSss17cD8c}
{"logTime": "0323/002900", "correlationVector":"+IIZg04JVexLOSss17cD8c.1","action":"SyncServerConnectionManagerRequest", "result":"SYNC_SERVER_OK", "context":{"environment":"Prod_EastUS2_000e", "migrationStage":"NotStarted", "server":"GENERAL0100000L"}}
{"logTime": "0323/002900", "correlationVector":"+IIZg04JVexLOSss17cD8c.2","action":"GetUpdates Response", "result":"SYNCER_OK", "context":Received 1 update(s). cV=+IIZg04JVexLOSss17cD8c.0;server=GENERAL0100000L;cloudType=Multitenant;environment=Prod_EastUS2_000e;migrationStage=NotStarted}
{"logTime": "0323/002959", "correlationVector":"b2cqPXlM7zfBA6KjaaXg+V","action":"Commit Request", "result":"", "context":Item count: 1
Contributing types: Sessions}
{"logTime": "0323/003000", "correlationVector":"b2cqPXlM7zfBA6KjaaXg+V.1","action":"SyncServerConnectionManagerRequest", "result":"SYNC_SERVER_OK", "context":{"environment":"Prod_EastUS2_000e", "migrationStage":"NotStarted", "server":"GENERAL0100000S"}}
{"logTime": "0323/003000", "correlationVector":"b2cqPXlM7zfBA6KjaaXg+V.2","action":"Commit Response", "result":"SYNCER_OK", "context":Result: SYNCER_OK. cV=b2cqPXlM7zfBA6KjaaXg+V.0;server=GENERAL0100000S;cloudType=Multitenant;environment=Prod_EastUS2_000e;migrationStage=NotStarted}
{"logTime": "0323/160534", "correlationVector":"RSPHSJTFr6bcCtF4GQkjSh.0","action":"FeedSettingFetch_homeCloud", "result":"0", "context":{}}
{"logTime": "0323/160534", "correlationVector":"s4Hmy26lVDXAecO1QqGezY.1","action":"SyncServerConnectionManagerRequest", "result":"SYNC_SERVER_OK", "context":{"environment":"Prod_EastUS2_000e", "migrationStage":"NotStarted", "server":"GENERAL0100001J"}}
{"logTime": "0323/160535", "correlationVector":"s4Hmy26lVDXAecO1QqGezY.2","action":"AAD.Mip.Unpack", "result":"Success", "context":MIP_CLOUD_COMMERCIAL:Success}
{"logTime": "0323/160535", "correlationVector":"s4Hmy26lVDXAecO1QqGezY.3","action":"AAD.GetKeyResponse", "result":"Success", "context":Keys=1.LastKeyStatus=Normal. 2022-11-17 10:58:52 -03.State=None. Tags: Current_encryption_keys_tag = EFLvv73vv73vv73vv73vv70UZk4S1a7vv71DY3RYWO+/vVPTkyU/77+9KO+/ve+/vXDvv71R, Updated_current_encryption_keys_tag = Empty}
{"logTime": "0323/160535", "correlationVector":"s4Hmy26lVDXAecO1QqGezY","action":"Initial GetUpdates", "result":"", "context":Reason: NEW_CLIENT. cV=s4Hmy26lVDXAecO1QqGezY}
{"logTime": "0323/160535", "correlationVector":"s4Hmy26lVDXAecO1QqGezY.4","action":"GetUpdates Response", "result":"SYNCER_OK", "context":Received 1 update(s). cV=s4Hmy26lVDXAecO1QqGezY.0;server=GENERAL0100001J;cloudType=Multitenant;environment=Prod_EastUS2_000e;migrationStage=NotStarted}
{"logTime": "0323/160535", "correlationVector":"JOivN37ExemGZf5O0V+Dh2","action":"Initial GetUpdates", "result":"", "context":Reason: NEWLY_SUPPORTED_DATATYPE. cV=JOivN37ExemGZf5O0V+Dh2}
{"logTime": "0323/160535", "correlationVector":"JOivN37ExemGZf5O0V+Dh2.1","action":"SyncServerConnectionManagerRequest", "result":"SYNC_SERVER_OK", "context":{"environment":"Prod_EastUS_000w", "migrationStage":"NotStarted", "server":"GENERAL01000006"}}
{"logTime": "0323/160535", "correlationVector":"JOivN37ExemGZf5O0V+Dh2.2","action":"GetUpdates Response", "result":"SYNCER_OK", "context":Received 15 update(s). cV=JOivN37ExemGZf5O0V+Dh2.0;server=GENERAL01000006;cloudType=Multitenant;environment=Prod_EastUS_000w;migrationStage=NotStarted}
{"logTime": "0323/160535", "correlationVector":"xJT3XROXo8RMlWVeG0xDDc","action":"Normal GetUpdate request", "result":"", "context":cV=xJT3XROXo8RMlWVeG0xDDc
Nudged types: Sessions, User Consents
Refresh requested types: Bookmarks, Preferences, Passwords, Autofill Profiles, Autofill, Autofill Custom Data, Typed URLs, Extensions, Sessions, Extension settings, History Delete Directives, Device Info, User Consents, Send Tab To Self, Web Apps, Collection, Edge E Drop, Encryption Keys}
{"logTime": "0323/160535", "correlationVector":"xJT3XROXo8RMlWVeG0xDDc.1","action":"SyncServerConnectionManagerRequest", "result":"SYNC_SERVER_OK", "context":{"environment":"Prod_EastUS2_000e", "migrationStage":"NotStarted", "server":"GENERAL0100002C"}}
{"logTime": "0323/160535", "correlationVector":"xJT3XROXo8RMlWVeG0xDDc.2","action":"GetUpdates", "result":"DeleteReceived", "context":{"id":"7194f896-8f9a-4063-97d5-75e2303828c1", "isDeleted:":"true", "version":"1679567545091"}}
{"logTime": "0323/160536", "correlationVector":"xJT3XROXo8RMlWVeG0xDDc.3","action":"GetUpdates", "result":"DeleteReceived", "context":{"id":"c932e35c-8d0f-4a70-b9a7-eba232ad48ce", "isDeleted:":"true", "version":"1679567545094"}}
{"logTime": "0323/160536", "correlationVector":"xJT3XROXo8RMlWVeG0xDDc.4","action":"GetUpdates", "result":"DeleteReceived", "context":{"id":"61304021-9ee1-4c2c-9d48-b5219634ec81", "isDeleted:":"true", "version":"1679575373237"}}
{"logTime": "0323/160536", "correlationVector":"xJT3XROXo8RMlWVeG0xDDc.5","action":"GetUpdates Response", "result":"SYNCER_OK", "context":Received 21 update(s). cV=xJT3XROXo8RMlWVeG0xDDc.0;server=GENERAL0100002C;cloudType=Multitenant;environment=Prod_EastUS2_000e;migrationStage=NotStarted}
{"logTime": "0323/160536", "correlationVector":"vQ4ghn1Hu40CaZeFPfHT2/","action":"Commit Request", "result":"", "context":Item count: 4
Contributing types: Sessions, User Consents}
{"logTime": "0323/160536", "correlationVector":"vQ4ghn1Hu40CaZeFPfHT2/.1","action":"SyncServerConnectionManagerRequest", "result":"SYNC_SERVER_OK", "context":{"environment":"Prod_EastUS_000w", "migrationStage":"NotStarted", "server":"GENERAL0100000C"}}
{"logTime": "0323/160536", "correlationVector":"vQ4ghn1Hu40CaZeFPfHT2/.3","action":"Commit.Sessions", "result":"Success", "context":{"id":"386d5e8e-f7fe-4396-a0d4-ebd3faac87c9", "isDeleted":"true", "size":"0", "version":"1679531400236"}}
{"logTime": "0323/160536", "correlationVector":"vQ4ghn1Hu40CaZeFPfHT2/.2","action":"Commit Response", "result":"SYNCER_OK", "context":Result: SYNCER_OK. cV=vQ4ghn1Hu40CaZeFPfHT2/.0;server=GENERAL0100000C;cloudType=Multitenant;environment=Prod_EastUS_000w;migrationStage=NotStarted}
{"logTime": "0323/160542", "correlationVector":"jrcLoMa4wDIMSodtLgsPdD","action":"Normal GetUpdate request", "result":"", "context":cV=jrcLoMa4wDIMSodtLgsPdD
Nudged types: Sessions}
{"logTime": "0323/160543", "correlationVector":"jrcLoMa4wDIMSodtLgsPdD.1","action":"SyncServerConnectionManagerRequest", "result":"SYNC_SERVER_OK", "context":{"environment":"Prod_EastUS2_000e", "migrationStage":"NotStarted", "server":"GENERAL0100000D"}}
{"logTime": "0323/160543", "correlationVector":"jrcLoMa4wDIMSodtLgsPdD.2","action":"GetUpdates", "result":"DeleteReceived", "context":{"id":"386d5e8e-f7fe-4396-a0d4-ebd3faac87c9", "isDeleted:":"true", "version":"1679587510689"}}
{"logTime": "0323/160543", "correlationVector":"jrcLoMa4wDIMSodtLgsPdD.3","action":"GetUpdates Response", "result":"SYNCER_OK", "context":Received 3 update(s). cV=jrcLoMa4wDIMSodtLgsPdD.0;server=GENERAL0100000D;cloudType=Multitenant;environment=Prod_EastUS2_000e;migrationStage=NotStarted}
{"logTime": "0323/160543", "correlationVector":"J8wNEh4SBXNXMmchP8Kt9F","action":"Commit Request", "result":"", "context":Item count: 1
Contributing types: Sessions}
{"logTime": "0323/160543", "correlationVector":"J8wNEh4SBXNXMmchP8Kt9F.1","action":"SyncServerConnectionManagerRequest", "result":"SYNC_SERVER_OK", "context":{"environment":"Prod_EastUS2_000e", "migrationStage":"NotStarted", "server":"GENERAL0100000E"}}
{"logTime": "0323/160543", "correlationVector":"J8wNEh4SBXNXMmchP8Kt9F.2","action":"Commit Response", "result":"SYNCER_OK", "context":Result: SYNCER_OK. cV=J8wNEh4SBXNXMmchP8Kt9F.0;server=GENERAL0100000E;cloudType=Multitenant;environment=Prod_EastUS2_000e;migrationStage=NotStarted}
{"logTime": "0323/160545", "correlationVector":"CF2z4ISiDOChTHnxw6ZKtm","action":"Normal GetUpdate request", "result":"", "context":cV=CF2z4ISiDOChTHnxw6ZKtm
Nudged types: Sessions
Notified types: Typed URLs}
{"logTime": "0323/160545", "correlationVector":"CF2z4ISiDOChTHnxw6ZKtm.1","action":"SyncServerConnectionManagerRequest", "result":"SYNC_SERVER_OK", "context":{"environment":"Prod_EastUS2_000e", "migrationStage":"NotStarted", "server":"GENERAL01000010"}}
{"logTime": "0323/160545", "correlationVector":"CF2z4ISiDOChTHnxw6ZKtm.2","action":"GetUpdates Response", "result":"SYNCER_OK", "context":Received 1 update(s). cV=CF2z4ISiDOChTHnxw6ZKtm.0;server=GENERAL01000010;cloudType=Multitenant;environment=Prod_EastUS2_000e;migrationStage=NotStarted}
{"logTime": "0323/160604", "correlationVector":"Xk72eog7ifkj6hVoLzWX6u","action":"Poll GetUpdate request", "result":"", "context":cV=Xk72eog7ifkj6hVoLzWX6u}
{"logTime": "0323/160605", "correlationVector":"Xk72eog7ifkj6hVoLzWX6u.1","action":"SyncServerConnectionManagerRequest", "result":"SYNC_SERVER_OK", "context":{"environment":"Prod_EastUS2_000e", "migrationStage":"NotStarted", "server":"GENERAL01000016"}}
{"logTime": "0323/160605", "correlationVector":"Xk72eog7ifkj6hVoLzWX6u.2","action":"GetUpdates Response", "result":"SYNCER_OK", "context":Received 0 update(s). cV=Xk72eog7ifkj6hVoLzWX6u.0;server=GENERAL01000016;cloudType=Multitenant;environment=Prod_EastUS2_000e;migrationStage=NotStarted}
{"logTime": "0404/131544", "correlationVector":"bJDfqFj1R4chdK+pwf4KDC.0","action":"FeedSettingFetch_homeCloud", "result":"0", "context":{}}
{"logTime": "0404/131545", "correlationVector":"OVnQYH5ZZdMF/UNBqVL69H.1","action":"SyncServerConnectionManagerRequest", "result":"SYNC_SERVER_OK", "context":{"environment":"Prod_EastUS_000w", "migrationStage":"NotStarted", "server":"GENERAL01000012"}}
{"logTime": "0404/131545", "correlationVector":"OVnQYH5ZZdMF/UNBqVL69H.2","action":"AAD.Mip.Unpack", "result":"Success", "context":MIP_CLOUD_COMMERCIAL:Success}
{"logTime": "0404/131545", "correlationVector":"OVnQYH5ZZdMF/UNBqVL69H.3","action":"AAD.GetKeyResponse", "result":"Success", "context":Keys=1.LastKeyStatus=Normal. 2022-11-17 10:58:52 -03.State=None. Tags: Current_encryption_keys_tag = EFLvv73vv73vv73vv73vv70UZk4S1a7vv71DY3RYWO+/vVPTkyU/77+9KO+/ve+/vXDvv71R, Updated_current_encryption_keys_tag = Empty}
{"logTime": "0404/131545", "correlationVector":"OVnQYH5ZZdMF/UNBqVL69H","action":"Initial GetUpdates", "result":"", "context":Reason: NEW_CLIENT. cV=OVnQYH5ZZdMF/UNBqVL69H}
{"logTime": "0404/131545", "correlationVector":"OVnQYH5ZZdMF/UNBqVL69H.4","action":"GetUpdates Response", "result":"SYNCER_OK", "context":Received 1 update(s). cV=OVnQYH5ZZdMF/UNBqVL69H.0;server=GENERAL01000012;cloudType=Multitenant;environment=Prod_EastUS_000w;migrationStage=NotStarted}
{"logTime": "0404/131545", "correlationVector":"GyipoLvcinTVx3pQSVkGaV","action":"Initial GetUpdates", "result":"", "context":Reason: NEWLY_SUPPORTED_DATATYPE. cV=GyipoLvcinTVx3pQSVkGaV}
{"logTime": "0404/131545", "correlationVector":"GyipoLvcinTVx3pQSVkGaV.1","action":"SyncServerConnectionManagerRequest", "result":"SYNC_SERVER_OK", "context":{"environment":"Prod_EastUS_000w", "migrationStage":"NotStarted", "server":"GENERAL01000014"}}
{"logTime": "0404/131545", "correlationVector":"GyipoLvcinTVx3pQSVkGaV.2","action":"GetUpdates Response", "result":"SYNCER_OK", "context":Received 15 update(s). cV=GyipoLvcinTVx3pQSVkGaV.0;server=GENERAL01000014;cloudType=Multitenant;environment=Prod_EastUS_000w;migrationStage=NotStarted}
{"logTime": "0404/131545", "correlationVector":"z82IZW4fKakaPE8KHrVjJ8","action":"Normal GetUpdate request", "result":"", "context":cV=z82IZW4fKakaPE8KHrVjJ8
Nudged types: Sessions, Device Info, User Consents
Refresh requested types: Bookmarks, Preferences, Passwords, Autofill Profiles, Autofill, Autofill Custom Data, Typed URLs, Extensions, Sessions, Extension settings, History Delete Directives, Device Info, User Consents, Send Tab To Self, Web Apps, Collection, Edge E Drop, Encryption Keys}
{"logTime": "0404/131545", "correlationVector":"z82IZW4fKakaPE8KHrVjJ8.1","action":"SyncServerConnectionManagerRequest", "result":"SYNC_SERVER_OK", "context":{"environment":"Prod_EastUS2_000e", "migrationStage":"NotStarted", "server":"GENERAL0100000K"}}
{"logTime": "0404/131545", "correlationVector":"z82IZW4fKakaPE8KHrVjJ8.2","action":"GetUpdates", "result":"DeleteReceived", "context":{"id":"f9124633-7697-4a45-bd84-dcf3f9daae07", "isDeleted:":"true", "version":"1679591652788"}}
{"logTime": "0404/131545", "correlationVector":"z82IZW4fKakaPE8KHrVjJ8.3","action":"GetUpdates", "result":"DeleteReceived", "context":{"id":"b2744f37-62f7-4371-8a1f-9700258dabf0", "isDeleted:":"true", "version":"1679654185950"}}
{"logTime": "0404/131545", "correlationVector":"z82IZW4fKakaPE8KHrVjJ8.4","action":"GetUpdates", "result":"DeleteReceived", "context":{"id":"a8f7e760-fdc2-4655-b8c5-45e124e1223d", "isDeleted:":"true", "version":"1679654185952"}}
{"logTime": "0404/131545", "correlationVector":"z82IZW4fKakaPE8KHrVjJ8.5","action":"GetUpdates", "result":"DeleteReceived", "context":{"id":"8e8d342e-599b-4b42-8a94-f5ba1d3dc36d", "isDeleted:":"true", "version":"1679658701944"}}
{"logTime": "0404/131545", "correlationVector":"z82IZW4fKakaPE8KHrVjJ8.6","action":"GetUpdates", "result":"DeleteReceived", "context":{"id":"71107811-394c-4dcc-bab1-8a4c2e41d49e", "isDeleted:":"true", "version":"1679658701945"}}
{"logTime": "0404/131545", "correlationVector":"z82IZW4fKakaPE8KHrVjJ8.7","action":"GetUpdates", "result":"DeleteReceived", "context":{"id":"52c71fbd-d584-4e47-80eb-fc7e03c9e563", "isDeleted:":"true", "version":"1679659264844"}}
{"logTime": "0404/131545", "correlationVector":"z82IZW4fKakaPE8KHrVjJ8.8","action":"GetUpdates", "result":"DeleteReceived", "context":{"id":"6305c1c8-b72c-4ebf-a4c6-3612aeb93fad", "isDeleted:":"true", "version":"1679660535735"}}
{"logTime": "0404/131545", "correlationVector":"z82IZW4fKakaPE8KHrVjJ8.9","action":"GetUpdates", "result":"DeleteReceived", "context":{"id":"4533831c-1099-459a-89e9-8c926043abbd", "isDeleted:":"true", "version":"1679660745482"}}
{"logTime": "0404/131545", "correlationVector":"z82IZW4fKakaPE8KHrVjJ8.10","action":"GetUpdates", "result":"DeleteReceived", "context":{"id":"8d7561bd-4a42-4d17-a2b3-b5b0ce38291e", "isDeleted:":"true", "version":"1679665585388"}}
{"logTime": "0404/131545", "correlationVector":"z82IZW4fKakaPE8KHrVjJ8.11","action":"GetUpdates", "result":"DeleteReceived", "context":{"id":"1e9106ba-3ea8-4799-968b-a01f3c2a1780", "isDeleted:":"true", "version":"1679668481670"}}
{"logTime": "0404/131545", "correlationVector":"z82IZW4fKakaPE8KHrVjJ8.12","action":"GetUpdates", "result":"DeleteReceived", "context":{"id":"ea101963-0178-423c-a304-aa6f03382aeb", "isDeleted:":"true", "version":"1679668481671"}}
{"logTime": "0404/131545", "correlationVector":"z82IZW4fKakaPE8KHrVjJ8.13","action":"GetUpdates", "result":"DeleteReceived", "context":{"id":"b94fd06e-09e4-4a51-b742-262d3e02fa74", "isDeleted:":"true", "version":"1679668481672"}}
{"logTime": "0404/131545", "correlationVector":"z82IZW4fKakaPE8KHrVjJ8.14","action":"GetUpdates", "result":"DeleteReceived", "context":{"id":"ce30950a-7736-4db2-ae42-4826c1bc4973", "isDeleted:":"true", "version":"1679668481673"}}
{"logTime": "0404/131545", "correlationVector":"z82IZW4fKakaPE8KHrVjJ8.15","action":"GetUpdates", "result":"DeleteReceived", "context":{"id":"be0d90a1-fd08-426c-990f-48f5b312ecc2", "isDeleted:":"true", "version":"1679668481675"}}
{"logTime": "0404/131546", "correlationVector":"z82IZW4fKakaPE8KHrVjJ8.16","action":"GetUpdates", "result":"DeleteReceived", "context":{"id":"26459ced-47e5-45d1-af82-f0ae79fd88d5", "isDeleted:":"true", "version":"1679685717607"}}
{"logTime": "0404/131546", "correlationVector":"z82IZW4fKakaPE8KHrVjJ8.17","action":"GetUpdates", "result":"DeleteReceived", "context":{"id":"25d0814b-70f1-423a-bcdc-b355899c6eda", "isDeleted:":"true", "version":"1679685717608"}}
{"logTime": "0404/131546", "correlationVector":"z82IZW4fKakaPE8KHrVjJ8.18","action":"GetUpdates", "result":"DeleteReceived", "context":{"id":"a9c58459-88d8-460b-8a40-fa77862f0e11", "isDeleted:":"true", "version":"1679685717610"}}
{"logTime": "0404/131546", "correlationVector":"z82IZW4fKakaPE8KHrVjJ8.19","action":"GetUpdates", "result":"DeleteReceived", "context":{"id":"bfd394df-857e-4370-b0fe-f27614e359bd", "isDeleted:":"true", "version":"1679685717611"}}
{"logTime": "0404/131546", "correlationVector":"z82IZW4fKakaPE8KHrVjJ8.20","action":"GetUpdates", "result":"DeleteReceived", "context":{"id":"cbb1ca88-a044-4f99-872a-910c906d9c5f", "isDeleted:":"true", "version":"1679950612824"}}
{"logTime": "0404/131546", "correlationVector":"z82IZW4fKakaPE8KHrVjJ8.21","action":"GetUpdates", "result":"DeleteReceived", "context":{"id":"4e8b5a98-fac3-44ae-9c81-7b6fabfe5033", "isDeleted:":"true", "version":"1680000885678"}}
{"logTime": "0404/131546", "correlationVector":"z82IZW4fKakaPE8KHrVjJ8.22","action":"GetUpdates", "result":"DeleteReceived", "context":{"id":"47bf769c-e7bb-4e8e-b785-9147f76a7e8e", "isDeleted:":"true", "version":"1680001582362"}}
{"logTime": "0404/131546", "correlationVector":"z82IZW4fKakaPE8KHrVjJ8.23","action":"GetUpdates", "result":"DeleteReceived", "context":{"id":"d89795d6-bdc2-4ba5-870d-659cf3003748", "isDeleted:":"true", "version":"1680001582364"}}
{"logTime": "0404/131546", "correlationVector":"z82IZW4fKakaPE8KHrVjJ8.24","action":"GetUpdates", "result":"DeleteReceived", "context":{"id":"e27df94f-c425-4163-89ff-62719b990d36", "isDeleted:":"true", "version":"1680001582365"}}
{"logTime": "0404/131546", "correlationVector":"z82IZW4fKakaPE8KHrVjJ8.25","action":"GetUpdates", "result":"DeleteReceived", "context":{"id":"1a0a0ede-9c1c-4fc1-9d41-f02dff3a31ab", "isDeleted:":"true", "version":"1680006784846"}}
{"logTime": "0404/131546", "correlationVector":"z82IZW4fKakaPE8KHrVjJ8.26","action":"GetUpdates", "result":"DeleteReceived", "context":{"id":"3bbba6c9-b261-44e7-ab0f-0cc43fafaa1e", "isDeleted:":"true", "version":"1680006874138"}}
{"logTime": "0404/131546", "correlationVector":"z82IZW4fKakaPE8KHrVjJ8.27","action":"GetUpdates", "result":"DeleteReceived", "context":{"id":"6b7841c1-388c-4b3d-abec-dcd3ec77a01d", "isDeleted:":"true", "version":"1680012426922"}}
{"logTime": "0404/131546", "correlationVector":"z82IZW4fKakaPE8KHrVjJ8.28","action":"GetUpdates", "result":"DeleteReceived", "context":{"id":"bd834c84-336d-426e-9ff2-1e3f86f54950", "isDeleted:":"true", "version":"1680020101216"}}
{"logTime": "0404/131546", "correlationVector":"z82IZW4fKakaPE8KHrVjJ8.29","action":"GetUpdates", "result":"DeleteReceived", "context":{"id":"b7bf3ff2-ea97-4d45-bdbe-c9463097c763", "isDeleted:":"true", "version":"1680036243323"}}
{"logTime": "0404/131546", "correlationVector":"z82IZW4fKakaPE8KHrVjJ8.30","action":"GetUpdates", "result":"DeleteReceived", "context":{"id":"dc21849a-4310-4c01-ad27-9272d9dcf7eb", "isDeleted:":"true", "version":"1680036243324"}}
{"logTime": "0404/131546", "correlationVector":"z82IZW4fKakaPE8KHrVjJ8.31","action":"GetUpdates", "result":"DeleteReceived", "context":{"id":"1bfb31b3-3fbf-4f09-86aa-f938a5ddcd92", "isDeleted:":"true", "version":"1680036243325"}}
{"logTime": "0404/131546", "correlationVector":"z82IZW4fKakaPE8KHrVjJ8.32","action":"GetUpdates", "result":"DeleteReceived", "context":{"id":"e6cf58e3-c8fa-443d-a273-b48e4d6dc0d0", "isDeleted:":"true", "version":"1680036243326"}}
{"logTime": "0404/131546", "correlationVector":"z82IZW4fKakaPE8KHrVjJ8.33","action":"GetUpdates", "result":"DeleteReceived", "context":{"id":"87647979-8a0c-41f7-9dcd-1692e117a412", "isDeleted:":"true", "version":"1680036243328"}}
{"logTime": "0404/131546", "correlationVector":"z82IZW4fKakaPE8KHrVjJ8.34","action":"GetUpdates", "result":"DeleteReceived", "context":{"id":"93b8010a-c2b6-49c3-9b27-cbd674b49421", "isDeleted:":"true", "version":"1680036243329"}}
{"logTime": "0404/131546", "correlationVector":"z82IZW4fKakaPE8KHrVjJ8.35","action":"GetUpdates", "result":"DeleteReceived", "context":{"id":"21e6cb99-faca-44f1-8540-a57b9fdf41fe", "isDeleted:":"true", "version":"1680036243330"}}
{"logTime": "0404/131546", "correlationVector":"z82IZW4fKakaPE8KHrVjJ8.36","action":"GetUpdates", "result":"DeleteReceived", "context":{"id":"50462961-575f-487c-b3a8-2f2e6b516beb", "isDeleted:":"true", "version":"1680036243331"}}
{"logTime": "0404/131546", "correlationVector":"z82IZW4fKakaPE8KHrVjJ8.37","action":"GetUpdates", "result":"DeleteReceived", "context":{"id":"b32286b4-3d46-421f-bd7a-f0a637db1d0a", "isDeleted:":"true", "version":"1680092190560"}}
{"logTime": "0404/131546", "correlationVector":"z82IZW4fKakaPE8KHrVjJ8.38","action":"GetUpdates", "result":"DeleteReceived", "context":{"id":"748ba20e-2de2-497d-9820-bc46257e1ac2", "isDeleted:":"true", "version":"1680092190561"}}
{"logTime": "0404/131546", "correlationVector":"z82IZW4fKakaPE8KHrVjJ8.39","action":"GetUpdates", "result":"DeleteReceived", "context":{"id":"d0fe2d0e-ef7a-4937-aed2-4da09288ce09", "isDeleted:":"true", "version":"1680092190563"}}
{"logTime": "0404/131546", "correlationVector":"z82IZW4fKakaPE8KHrVjJ8.40","action":"GetUpdates", "result":"DeleteReceived", "context":{"id":"88d64cdc-d9ad-448e-8a7f-807bc99e1196", "isDeleted:":"true", "version":"1680092190564"}}
{"logTime": "0404/131546", "correlationVector":"z82IZW4fKakaPE8KHrVjJ8.41","action":"GetUpdates", "result":"DeleteReceived", "context":{"id":"b316e474-c1a8-4292-8908-f49a8169ab94", "isDeleted:":"true", "version":"1680093902421"}}
{"logTime": "0404/131546", "correlationVector":"z82IZW4fKakaPE8KHrVjJ8.42","action":"GetUpdates", "result":"DeleteReceived", "context":{"id":"49ab412c-0ca4-4a96-9868-a21d21820b2a", "isDeleted:":"true", "version":"1680093902423"}}
{"logTime": "0404/131546", "correlationVector":"z82IZW4fKakaPE8KHrVjJ8.43","action":"GetUpdates", "result":"DeleteReceived", "context":{"id":"41f65649-e632-4225-a56b-932864e6b72e", "isDeleted:":"true", "version":"1680094804522"}}
{"logTime": "0404/131547", "correlationVector":"z82IZW4fKakaPE8KHrVjJ8.44","action":"GetUpdates", "result":"DeleteReceived", "context":{"id":"cf0e5c2e-db70-443d-b62c-7446faa34690", "isDeleted:":"true", "version":"1680112652427"}}
{"logTime": "0404/131547", "correlationVector":"z82IZW4fKakaPE8KHrVjJ8.45","action":"GetUpdates", "result":"DeleteReceived", "context":{"id":"b13d9063-027c-4e5c-9170-c97a3f3f2d3a", "isDeleted:":"true", "version":"1680114986926"}}
{"logTime": "0404/131547", "correlationVector":"z82IZW4fKakaPE8KHrVjJ8.46","action":"GetUpdates", "result":"DeleteReceived", "context":{"id":"2b414af5-57e2-4565-87d4-18166fcb3fe1", "isDeleted:":"true", "version":"1680118839188"}}
{"logTime": "0404/131547", "correlationVector":"z82IZW4fKakaPE8KHrVjJ8.47","action":"GetUpdates", "result":"DeleteReceived", "context":{"id":"5514fcd2-569d-495a-9e48-997934bac27d", "isDeleted:":"true", "version":"1680118839190"}}
{"logTime": "0404/131547", "correlationVector":"z82IZW4fKakaPE8KHrVjJ8.48","action":"GetUpdates", "result":"DeleteReceived", "context":{"id":"fac2d7f7-1346-438c-91de-c8c13568c3ef", "isDeleted:":"true", "version":"1680118839191"}}
{"logTime": "0404/131547", "correlationVector":"z82IZW4fKakaPE8KHrVjJ8.49","action":"GetUpdates", "result":"DeleteReceived", "context":{"id":"2575921e-c26a-46ff-b308-88a80804d701", "isDeleted:":"true", "version":"1680118939497"}}
{"logTime": "0404/131547", "correlationVector":"z82IZW4fKakaPE8KHrVjJ8.50","action":"GetUpdates", "result":"DeleteReceived", "context":{"id":"1664311b-cf74-40f8-9da5-eb0ed42623b4", "isDeleted:":"true", "version":"1680118970294"}}
{"logTime": "0404/131547", "correlationVector":"z82IZW4fKakaPE8KHrVjJ8.51","action":"GetUpdates", "result":"DeleteReceived", "context":{"id":"d3f0644e-6ba6-40e4-a92f-b26f9c4c5875", "isDeleted:":"true", "version":"1680122631444"}}
{"logTime": "0404/131547", "correlationVector":"z82IZW4fKakaPE8KHrVjJ8.52","action":"GetUpdates", "result":"DeleteReceived", "context":{"id":"e0399bcc-2cfd-4427-953e-9bf9b3c1637e", "isDeleted:":"true", "version":"1680122631446"}}
{"logTime": "0404/131547", "correlationVector":"z82IZW4fKakaPE8KHrVjJ8.53","action":"GetUpdates", "result":"DeleteReceived", "context":{"id":"0d1f184d-2f67-4d76-a3fd-4cdd5b309e3a", "isDeleted:":"true", "version":"1680122631447"}}
{"logTime": "0404/131547", "correlationVector":"z82IZW4fKakaPE8KHrVjJ8.54","action":"GetUpdates", "result":"DeleteReceived", "context":{"id":"0cf840fb-af56-426f-8412-3025165afe41", "isDeleted:":"true", "version":"1680186324840"}}
{"logTime": "0404/131547", "correlationVector":"z82IZW4fKakaPE8KHrVjJ8.55","action":"GetUpdates", "result":"DeleteReceived", "context":{"id":"df84a149-2e25-4637-a1ec-81a40e624c49", "isDeleted:":"true", "version":"1680186324841"}}
{"logTime": "0404/131547", "correlationVector":"z82IZW4fKakaPE8KHrVjJ8.56","action":"GetUpdates", "result":"DeleteReceived", "context":{"id":"6f226438-50ee-4ea2-bade-2b251c656fab", "isDeleted:":"true", "version":"1680186324842"}}
{"logTime": "0404/131547", "correlationVector":"z82IZW4fKakaPE8KHrVjJ8.57","action":"GetUpdates", "result":"DeleteReceived", "context":{"id":"b29a2777-96df-4d59-981c-1d84aae0fbe0", "isDeleted:":"true", "version":"1680186324843"}}
{"logTime": "0404/131547", "correlationVector":"z82IZW4fKakaPE8KHrVjJ8.58","action":"GetUpdates", "result":"DeleteReceived", "context":{"id":"e8f589db-4dfe-40b9-a1a4-3326cff16c09", "isDeleted:":"true", "version":"1680186324845"}}
{"logTime": "0404/131547", "correlationVector":"z82IZW4fKakaPE8KHrVjJ8.59","action":"GetUpdates", "result":"DeleteReceived", "context":{"id":"e5572add-ad73-4390-a28d-83281e351936", "isDeleted:":"true", "version":"1680186324846"}}
{"logTime": "0404/131547", "correlationVector":"z82IZW4fKakaPE8KHrVjJ8.60","action":"GetUpdates", "result":"DeleteReceived", "context":{"id":"e54a673e-02fa-474e-9db8-52f2a2556945", "isDeleted:":"true", "version":"1680186324847"}}
{"logTime": "0404/131547", "correlationVector":"z82IZW4fKakaPE8KHrVjJ8.61","action":"GetUpdates", "result":"DeleteReceived", "context":{"id":"0b28b210-b0a7-4085-84e2-6446fb8fc8ba", "isDeleted:":"true", "version":"1680197238278"}}
{"logTime": "0404/131547", "correlationVector":"z82IZW4fKakaPE8KHrVjJ8.62","action":"GetUpdates", "result":"DeleteReceived", "context":{"id":"954ee349-d776-45e6-abf3-7af66af75255", "isDeleted:":"true", "version":"1680291121732"}}
{"logTime": "0404/131548", "correlationVector":"z82IZW4fKakaPE8KHrVjJ8.63","action":"GetUpdates", "result":"DeleteReceived", "context":{"id":"865795bd-9095-4d15-8e95-2dab023457a9", "isDeleted:":"true", "version":"1680311373008"}}
{"logTime": "0404/131548", "correlationVector":"z82IZW4fKakaPE8KHrVjJ8.64","action":"GetUpdates", "result":"DeleteReceived", "context":{"id":"4aa66216-5ce2-42e9-bef6-7c75fbb06264", "isDeleted:":"true", "version":"1680311373010"}}
{"logTime": "0404/131548", "correlationVector":"z82IZW4fKakaPE8KHrVjJ8.65","action":"GetUpdates", "result":"DeleteReceived", "context":{"id":"9e6f442b-8997-453e-bf5d-00cc7f5539a7", "isDeleted:":"true", "version":"1680358481895"}}
{"logTime": "0404/131548", "correlationVector":"z82IZW4fKakaPE8KHrVjJ8.66","action":"GetUpdates", "result":"DeleteReceived", "context":{"id":"88b9bb7e-8a09-46e3-8803-8986f0de2a5d", "isDeleted:":"true", "version":"1680526024293"}}
{"logTime": "0404/131548", "correlationVector":"z82IZW4fKakaPE8KHrVjJ8.67","action":"GetUpdates", "result":"DeleteReceived", "context":{"id":"db442b24-e0ce-42c9-b379-ca59d4a8ec6d", "isDeleted:":"true", "version":"1680531555235"}}
{"logTime": "0404/131548", "correlationVector":"z82IZW4fKakaPE8KHrVjJ8.68","action":"GetUpdates", "result":"DeleteReceived", "context":{"id":"f7de1abd-44eb-4b88-bc61-38ec77ff2132", "isDeleted:":"true", "version":"1680531555236"}}
{"logTime": "0404/131548", "correlationVector":"z82IZW4fKakaPE8KHrVjJ8.69","action":"GetUpdates", "result":"DeleteReceived", "context":{"id":"c5829d91-7b7f-4406-ad27-ef2738e7b6b8", "isDeleted:":"true", "version":"1680531893131"}}
{"logTime": "0404/131548", "correlationVector":"z82IZW4fKakaPE8KHrVjJ8.70","action":"GetUpdates", "result":"DeleteReceived", "context":{"id":"cb928420-f580-42b0-9182-88c5f3dc7a91", "isDeleted:":"true", "version":"1680532022111"}}
{"logTime": "0404/131548", "correlationVector":"z82IZW4fKakaPE8KHrVjJ8.71","action":"GetUpdates", "result":"DeleteReceived", "context":{"id":"ce09a03a-3460-49ca-8d1c-0e4da943e36b", "isDeleted:":"true", "version":"1680540368842"}}
{"logTime": "0404/131548", "correlationVector":"z82IZW4fKakaPE8KHrVjJ8.72","action":"GetUpdates", "result":"DeleteReceived", "context":{"id":"4371460c-0d5a-4d6d-92d4-7ee870eef7fc", "isDeleted:":"true", "version":"1680546025598"}}
{"logTime": "0404/131548", "correlationVector":"z82IZW4fKakaPE8KHrVjJ8.73","action":"GetUpdates", "result":"DeleteReceived", "context":{"id":"e28f20e1-15d6-4611-8d89-225ef0eea62f", "isDeleted:":"true", "version":"1680547084697"}}
{"logTime": "0404/131548", "correlationVector":"z82IZW4fKakaPE8KHrVjJ8.74","action":"GetUpdates", "result":"DeleteReceived", "context":{"id":"8cbca69b-b78d-4b7b-8877-c8c1ba1789d4", "isDeleted:":"true", "version":"1680603919914"}}
{"logTime": "0404/131548", "correlationVector":"z82IZW4fKakaPE8KHrVjJ8.75","action":"GetUpdates", "result":"DeleteReceived", "context":{"id":"2854229e-a4a2-4fde-9144-3e9e7b3e1b2e", "isDeleted:":"true", "version":"1680603919917"}}
{"logTime": "0404/131548", "correlationVector":"z82IZW4fKakaPE8KHrVjJ8.76","action":"GetUpdates", "result":"DeleteReceived", "context":{"id":"ce5f992f-cfde-4004-ba78-388f22f2714b", "isDeleted:":"true", "version":"1680606687339"}}
{"logTime": "0404/131548", "correlationVector":"z82IZW4fKakaPE8KHrVjJ8.77","action":"GetUpdates", "result":"DeleteReceived", "context":{"id":"9f57a98a-fccf-4ee1-9297-85ec99c6c35c", "isDeleted:":"true", "version":"1680609880885"}}
{"logTime": "0404/131548", "correlationVector":"z82IZW4fKakaPE8KHrVjJ8.78","action":"GetUpdates", "result":"DeleteReceived", "context":{"id":"b49b6200-1ab5-41d4-a53c-24a90d8de5cf", "isDeleted:":"true", "version":"1680609880886"}}
{"logTime": "0404/131548", "correlationVector":"z82IZW4fKakaPE8KHrVjJ8.79","action":"GetUpdates", "result":"DeleteReceived", "context":{"id":"3100e491-adb5-43fb-aaae-13808bd26a96", "isDeleted:":"true", "version":"1680610184452"}}
{"logTime": "0404/131548", "correlationVector":"z82IZW4fKakaPE8KHrVjJ8.80","action":"GetUpdates Response", "result":"SYNCER_OK", "context":Received 110 update(s). cV=z82IZW4fKakaPE8KHrVjJ8.0;server=GENERAL0100000K;cloudType=Multitenant;environment=Prod_EastUS2_000e;migrationStage=NotStarted}
{"logTime": "0404/131548", "correlationVector":"aeR1SiLRjC4+HYjjPB26E5","action":"Commit Request", "result":"", "context":Item count: 1
Contributing types: Device Info}
{"logTime": "0404/131548", "correlationVector":"aeR1SiLRjC4+HYjjPB26E5.1","action":"SyncServerConnectionManagerRequest", "result":"SYNC_SERVER_OK", "context":{"environment":"Prod_EastUS2_000e", "migrationStage":"NotStarted", "server":"general01000004"}}
{"logTime": "0404/131548", "correlationVector":"aeR1SiLRjC4+HYjjPB26E5.2","action":"Commit Response", "result":"SYNCER_OK", "context":Result: SYNCER_OK. cV=aeR1SiLRjC4+HYjjPB26E5.0;server=general01000004;cloudType=Multitenant;environment=Prod_EastUS2_000e;migrationStage=NotStarted}
{"logTime": "0404/131548", "correlationVector":"eKJxJ3F7OwOKSrcIagNwpl","action":"Commit Request", "result":"", "context":Item count: 5
Contributing types: Autofill, Sessions, User Consents}
{"logTime": "0404/131549", "correlationVector":"eKJxJ3F7OwOKSrcIagNwpl.1","action":"SyncServerConnectionManagerRequest", "result":"SYNC_SERVER_OK", "context":{"environment":"Prod_EastUS_000w", "migrationStage":"NotStarted", "server":"GENERAL0100001C"}}
{"logTime": "0404/131549", "correlationVector":"eKJxJ3F7OwOKSrcIagNwpl.3","action":"Commit.Sessions", "result":"Success", "context":{"id":"492a3b73-7bd5-4c38-82fe-7ce0d7036829", "isDeleted":"true", "size":"0", "version":"1679587542217"}}
{"logTime": "0404/131549", "correlationVector":"eKJxJ3F7OwOKSrcIagNwpl.2","action":"Commit Response", "result":"SYNCER_OK", "context":Result: SYNCER_OK. cV=eKJxJ3F7OwOKSrcIagNwpl.0;server=GENERAL0100001C;cloudType=Multitenant;environment=Prod_EastUS_000w;migrationStage=NotStarted}
{"logTime": "0404/131549", "correlationVector":"dNHvag/TT0gsjUpqTkHJCO","action":"Normal GetUpdate request", "result":"", "context":cV=dNHvag/TT0gsjUpqTkHJCO
Nudged types: Autofill, Sessions, Device Info}
{"logTime": "0404/131549", "correlationVector":"dNHvag/TT0gsjUpqTkHJCO.1","action":"SyncServerConnectionManagerRequest", "result":"SYNC_SERVER_OK", "context":{"environment":"Prod_EastUS2_000e", "migrationStage":"NotStarted", "server":"GENERAL0100001S"}}
{"logTime": "0404/131549", "correlationVector":"dNHvag/TT0gsjUpqTkHJCO.2","action":"GetUpdates", "result":"DeleteReceived", "context":{"id":"492a3b73-7bd5-4c38-82fe-7ce0d7036829", "isDeleted:":"true", "version":"1680614131997"}}
{"logTime": "0404/131549", "correlationVector":"dNHvag/TT0gsjUpqTkHJCO.3","action":"GetUpdates Response", "result":"SYNCER_OK", "context":Received 5 update(s). cV=dNHvag/TT0gsjUpqTkHJCO.0;server=GENERAL0100001S;cloudType=Multitenant;environment=Prod_EastUS2_000e;migrationStage=NotStarted}
